<?xml version="1.0" encoding="UTF-8"?>
<testng-results skipped="6" failed="7" total="37" passed="24">
  <reporter-output>
  </reporter-output>
  <suite name="GRID SAMPLE TEST" duration-ms="2262947" started-at="2016-02-05T08:26:06Z" finished-at="2016-02-05T09:03:49Z">
    <groups>
    </groups>
    <test name="SETUP-HUB AND NODE CREATION" duration-ms="92" started-at="2016-02-05T08:26:06Z" finished-at="2016-02-05T08:26:06Z">
      <class name="utils.InitiateHubAndNode">
        <test-method status="PASS" signature="setup()[pri:0, instance:utils.InitiateHubAndNode@1888ff2c]" name="setup" duration-ms="74" started-at="2016-02-05T13:56:06Z" finished-at="2016-02-05T13:56:06Z">
          <reporter-output>
          </reporter-output>
        </test-method> <!-- setup -->
      </class> <!-- utils.InitiateHubAndNode -->
    </test> <!-- SETUP-HUB AND NODE CREATION -->
    <test name="GRID TEST WITH BROWSER Chrome ON WINDOWS" duration-ms="515231" started-at="2016-02-05T08:26:06Z" finished-at="2016-02-05T08:34:41Z">
      <class name="googledrive.GoogleDriveScenarios">
        <test-method status="PASS" signature="GridCaps(java.lang.String, java.lang.String)[pri:0, instance:googledrive.GoogleDriveScenarios@5594a1b5]" name="GridCaps" is-config="true" duration-ms="13170" started-at="2016-02-05T13:56:06Z" finished-at="2016-02-05T13:56:19Z">
          <params>
            <param index="0">
              <value>
                <![CDATA[CH]]>
              </value>
            </param>
            <param index="1">
              <value>
                <![CDATA[WINDOWS]]>
              </value>
            </param>
          </params>
          <reporter-output>
          </reporter-output>
        </test-method> <!-- GridCaps -->
        <test-method status="PASS" signature="GoogleDriveNegativeScenarioLoginFirstCase()[pri:0, instance:googledrive.GoogleDriveScenarios@5594a1b5]" name="GoogleDriveNegativeScenarioLoginFirstCase" duration-ms="23775" started-at="2016-02-05T13:56:19Z" finished-at="2016-02-05T13:56:43Z">
          <reporter-output>
          </reporter-output>
        </test-method> <!-- GoogleDriveNegativeScenarioLoginFirstCase -->
        <test-method status="PASS" signature="GridCaps(java.lang.String, java.lang.String)[pri:0, instance:googledrive.GoogleDriveScenarios@5594a1b5]" name="GridCaps" is-config="true" duration-ms="42439" started-at="2016-02-05T13:56:43Z" finished-at="2016-02-05T13:57:25Z">
          <params>
            <param index="0">
              <value>
                <![CDATA[CH]]>
              </value>
            </param>
            <param index="1">
              <value>
                <![CDATA[WINDOWS]]>
              </value>
            </param>
          </params>
          <reporter-output>
          </reporter-output>
        </test-method> <!-- GridCaps -->
        <test-method status="PASS" signature="UploadImageInDesktopGoogleDriveAndCheckFileGetsSyncedToTheGoogleDriveWebsite()[pri:0, instance:googledrive.GoogleDriveScenarios@5594a1b5]" name="UploadImageInDesktopGoogleDriveAndCheckFileGetsSyncedToTheGoogleDriveWebsite" duration-ms="45416" started-at="2016-02-05T13:57:25Z" finished-at="2016-02-05T13:58:11Z">
          <reporter-output>
          </reporter-output>
        </test-method> <!-- UploadImageInDesktopGoogleDriveAndCheckFileGetsSyncedToTheGoogleDriveWebsite -->
        <test-method status="PASS" signature="GridCaps(java.lang.String, java.lang.String)[pri:0, instance:googledrive.GoogleDriveScenarios@5594a1b5]" name="GridCaps" is-config="true" duration-ms="39066" started-at="2016-02-05T13:58:11Z" finished-at="2016-02-05T13:58:50Z">
          <params>
            <param index="0">
              <value>
                <![CDATA[CH]]>
              </value>
            </param>
            <param index="1">
              <value>
                <![CDATA[WINDOWS]]>
              </value>
            </param>
          </params>
          <reporter-output>
          </reporter-output>
        </test-method> <!-- GridCaps -->
        <test-method status="PASS" signature="UploadFileInDesktopGoogleDriveAndCheckFileGetsSyncedToTheGoogleDriveWebsite()[pri:0, instance:googledrive.GoogleDriveScenarios@5594a1b5]" name="UploadFileInDesktopGoogleDriveAndCheckFileGetsSyncedToTheGoogleDriveWebsite" duration-ms="43505" started-at="2016-02-05T13:58:50Z" finished-at="2016-02-05T13:59:33Z">
          <reporter-output>
          </reporter-output>
        </test-method> <!-- UploadFileInDesktopGoogleDriveAndCheckFileGetsSyncedToTheGoogleDriveWebsite -->
        <test-method status="PASS" signature="GridCaps(java.lang.String, java.lang.String)[pri:0, instance:googledrive.GoogleDriveScenarios@5594a1b5]" name="GridCaps" is-config="true" duration-ms="41964" started-at="2016-02-05T13:59:33Z" finished-at="2016-02-05T14:00:15Z">
          <params>
            <param index="0">
              <value>
                <![CDATA[CH]]>
              </value>
            </param>
            <param index="1">
              <value>
                <![CDATA[WINDOWS]]>
              </value>
            </param>
          </params>
          <reporter-output>
          </reporter-output>
        </test-method> <!-- GridCaps -->
        <test-method status="PASS" signature="RenameUploadFileInDekstopGoogleDrivAndCheckFileGetsSyncedToTheGoogleDriveWebsite()[pri:0, instance:googledrive.GoogleDriveScenarios@5594a1b5]" name="RenameUploadFileInDekstopGoogleDrivAndCheckFileGetsSyncedToTheGoogleDriveWebsite" duration-ms="57538" started-at="2016-02-05T14:00:15Z" finished-at="2016-02-05T14:01:13Z">
          <reporter-output>
          </reporter-output>
        </test-method> <!-- RenameUploadFileInDekstopGoogleDrivAndCheckFileGetsSyncedToTheGoogleDriveWebsite -->
        <test-method status="PASS" signature="GridCaps(java.lang.String, java.lang.String)[pri:0, instance:googledrive.GoogleDriveScenarios@5594a1b5]" name="GridCaps" is-config="true" duration-ms="41208" started-at="2016-02-05T14:01:13Z" finished-at="2016-02-05T14:01:54Z">
          <params>
            <param index="0">
              <value>
                <![CDATA[CH]]>
              </value>
            </param>
            <param index="1">
              <value>
                <![CDATA[WINDOWS]]>
              </value>
            </param>
          </params>
          <reporter-output>
          </reporter-output>
        </test-method> <!-- GridCaps -->
        <test-method status="PASS" signature="CloseBrowserWhileUploadingFileFromGoogleDrive()[pri:0, instance:googledrive.GoogleDriveScenarios@5594a1b5]" name="CloseBrowserWhileUploadingFileFromGoogleDrive" duration-ms="57345" started-at="2016-02-05T14:01:54Z" finished-at="2016-02-05T14:02:51Z">
          <reporter-output>
          </reporter-output>
        </test-method> <!-- CloseBrowserWhileUploadingFileFromGoogleDrive -->
        <test-method status="PASS" signature="GridCaps(java.lang.String, java.lang.String)[pri:0, instance:googledrive.GoogleDriveScenarios@5594a1b5]" name="GridCaps" is-config="true" duration-ms="36174" started-at="2016-02-05T14:02:51Z" finished-at="2016-02-05T14:03:28Z">
          <params>
            <param index="0">
              <value>
                <![CDATA[CH]]>
              </value>
            </param>
            <param index="1">
              <value>
                <![CDATA[WINDOWS]]>
              </value>
            </param>
          </params>
          <reporter-output>
          </reporter-output>
        </test-method> <!-- GridCaps -->
        <test-method status="PASS" signature="GoogleDriveUploadImageWhenInternetIsOff()[pri:0, instance:googledrive.GoogleDriveScenarios@5594a1b5]" name="GoogleDriveUploadImageWhenInternetIsOff" duration-ms="73618" started-at="2016-02-05T14:03:28Z" finished-at="2016-02-05T14:04:41Z">
          <reporter-output>
          </reporter-output>
        </test-method> <!-- GoogleDriveUploadImageWhenInternetIsOff -->
      </class> <!-- googledrive.GoogleDriveScenarios -->
    </test> <!-- GRID TEST WITH BROWSER Chrome ON WINDOWS -->
    <test name="GRID TEST WITH BROWSER CH ON LINUX" duration-ms="478831" started-at="2016-02-05T08:34:41Z" finished-at="2016-02-05T08:42:40Z">
      <class name="googledrive.GoogleDriveScenarios">
        <test-method status="PASS" signature="GridCaps(java.lang.String, java.lang.String)[pri:0, instance:googledrive.GoogleDriveScenarios@3f3afe78]" name="GridCaps" is-config="true" duration-ms="15925" started-at="2016-02-05T14:04:41Z" finished-at="2016-02-05T14:04:57Z">
          <params>
            <param index="0">
              <value>
                <![CDATA[CH]]>
              </value>
            </param>
            <param index="1">
              <value>
                <![CDATA[LINUX]]>
              </value>
            </param>
          </params>
          <reporter-output>
          </reporter-output>
        </test-method> <!-- GridCaps -->
        <test-method status="PASS" signature="GoogleDriveNegativeScenarioLoginFirstCase()[pri:0, instance:googledrive.GoogleDriveScenarios@3f3afe78]" name="GoogleDriveNegativeScenarioLoginFirstCase" duration-ms="22198" started-at="2016-02-05T14:04:57Z" finished-at="2016-02-05T14:05:19Z">
          <reporter-output>
          </reporter-output>
        </test-method> <!-- GoogleDriveNegativeScenarioLoginFirstCase -->
        <test-method status="PASS" signature="GridCaps(java.lang.String, java.lang.String)[pri:0, instance:googledrive.GoogleDriveScenarios@3f3afe78]" name="GridCaps" is-config="true" duration-ms="34456" started-at="2016-02-05T14:05:19Z" finished-at="2016-02-05T14:05:54Z">
          <params>
            <param index="0">
              <value>
                <![CDATA[CH]]>
              </value>
            </param>
            <param index="1">
              <value>
                <![CDATA[LINUX]]>
              </value>
            </param>
          </params>
          <reporter-output>
          </reporter-output>
        </test-method> <!-- GridCaps -->
        <test-method status="PASS" signature="UploadImageInDesktopGoogleDriveAndCheckFileGetsSyncedToTheGoogleDriveWebsite()[pri:0, instance:googledrive.GoogleDriveScenarios@3f3afe78]" name="UploadImageInDesktopGoogleDriveAndCheckFileGetsSyncedToTheGoogleDriveWebsite" duration-ms="45292" started-at="2016-02-05T14:05:54Z" finished-at="2016-02-05T14:06:39Z">
          <reporter-output>
          </reporter-output>
        </test-method> <!-- UploadImageInDesktopGoogleDriveAndCheckFileGetsSyncedToTheGoogleDriveWebsite -->
        <test-method status="PASS" signature="GridCaps(java.lang.String, java.lang.String)[pri:0, instance:googledrive.GoogleDriveScenarios@3f3afe78]" name="GridCaps" is-config="true" duration-ms="39642" started-at="2016-02-05T14:06:39Z" finished-at="2016-02-05T14:07:19Z">
          <params>
            <param index="0">
              <value>
                <![CDATA[CH]]>
              </value>
            </param>
            <param index="1">
              <value>
                <![CDATA[LINUX]]>
              </value>
            </param>
          </params>
          <reporter-output>
          </reporter-output>
        </test-method> <!-- GridCaps -->
        <test-method status="PASS" signature="UploadFileInDesktopGoogleDriveAndCheckFileGetsSyncedToTheGoogleDriveWebsite()[pri:0, instance:googledrive.GoogleDriveScenarios@3f3afe78]" name="UploadFileInDesktopGoogleDriveAndCheckFileGetsSyncedToTheGoogleDriveWebsite" duration-ms="41761" started-at="2016-02-05T14:07:19Z" finished-at="2016-02-05T14:08:01Z">
          <reporter-output>
          </reporter-output>
        </test-method> <!-- UploadFileInDesktopGoogleDriveAndCheckFileGetsSyncedToTheGoogleDriveWebsite -->
        <test-method status="PASS" signature="GridCaps(java.lang.String, java.lang.String)[pri:0, instance:googledrive.GoogleDriveScenarios@3f3afe78]" name="GridCaps" is-config="true" duration-ms="41363" started-at="2016-02-05T14:08:01Z" finished-at="2016-02-05T14:08:42Z">
          <params>
            <param index="0">
              <value>
                <![CDATA[CH]]>
              </value>
            </param>
            <param index="1">
              <value>
                <![CDATA[LINUX]]>
              </value>
            </param>
          </params>
          <reporter-output>
          </reporter-output>
        </test-method> <!-- GridCaps -->
        <test-method status="PASS" signature="RenameUploadFileInDekstopGoogleDrivAndCheckFileGetsSyncedToTheGoogleDriveWebsite()[pri:0, instance:googledrive.GoogleDriveScenarios@3f3afe78]" name="RenameUploadFileInDekstopGoogleDrivAndCheckFileGetsSyncedToTheGoogleDriveWebsite" duration-ms="51863" started-at="2016-02-05T14:08:42Z" finished-at="2016-02-05T14:09:34Z">
          <reporter-output>
          </reporter-output>
        </test-method> <!-- RenameUploadFileInDekstopGoogleDrivAndCheckFileGetsSyncedToTheGoogleDriveWebsite -->
        <test-method status="PASS" signature="GridCaps(java.lang.String, java.lang.String)[pri:0, instance:googledrive.GoogleDriveScenarios@3f3afe78]" name="GridCaps" is-config="true" duration-ms="32902" started-at="2016-02-05T14:09:34Z" finished-at="2016-02-05T14:10:07Z">
          <params>
            <param index="0">
              <value>
                <![CDATA[CH]]>
              </value>
            </param>
            <param index="1">
              <value>
                <![CDATA[LINUX]]>
              </value>
            </param>
          </params>
          <reporter-output>
          </reporter-output>
        </test-method> <!-- GridCaps -->
        <test-method status="PASS" signature="CloseBrowserWhileUploadingFileFromGoogleDrive()[pri:0, instance:googledrive.GoogleDriveScenarios@3f3afe78]" name="CloseBrowserWhileUploadingFileFromGoogleDrive" duration-ms="49180" started-at="2016-02-05T14:10:07Z" finished-at="2016-02-05T14:10:56Z">
          <reporter-output>
          </reporter-output>
        </test-method> <!-- CloseBrowserWhileUploadingFileFromGoogleDrive -->
        <test-method status="PASS" signature="GridCaps(java.lang.String, java.lang.String)[pri:0, instance:googledrive.GoogleDriveScenarios@3f3afe78]" name="GridCaps" is-config="true" duration-ms="36324" started-at="2016-02-05T14:10:56Z" finished-at="2016-02-05T14:11:32Z">
          <params>
            <param index="0">
              <value>
                <![CDATA[CH]]>
              </value>
            </param>
            <param index="1">
              <value>
                <![CDATA[LINUX]]>
              </value>
            </param>
          </params>
          <reporter-output>
          </reporter-output>
        </test-method> <!-- GridCaps -->
        <test-method status="PASS" signature="GoogleDriveUploadImageWhenInternetIsOff()[pri:0, instance:googledrive.GoogleDriveScenarios@3f3afe78]" name="GoogleDriveUploadImageWhenInternetIsOff" duration-ms="67917" started-at="2016-02-05T14:11:32Z" finished-at="2016-02-05T14:12:40Z">
          <reporter-output>
          </reporter-output>
        </test-method> <!-- GoogleDriveUploadImageWhenInternetIsOff -->
      </class> <!-- googledrive.GoogleDriveScenarios -->
    </test> <!-- GRID TEST WITH BROWSER CH ON LINUX -->
    <test name="GRID TEST WITH BROWSER CH ON MAC" duration-ms="498005" started-at="2016-02-05T08:42:40Z" finished-at="2016-02-05T08:50:58Z">
      <class name="googledrive.GoogleDriveScenarios">
        <test-method status="PASS" signature="GridCaps(java.lang.String, java.lang.String)[pri:0, instance:googledrive.GoogleDriveScenarios@5b464ce8]" name="GridCaps" is-config="true" duration-ms="15312" started-at="2016-02-05T14:12:40Z" finished-at="2016-02-05T14:12:55Z">
          <params>
            <param index="0">
              <value>
                <![CDATA[CH]]>
              </value>
            </param>
            <param index="1">
              <value>
                <![CDATA[MAC]]>
              </value>
            </param>
          </params>
          <reporter-output>
          </reporter-output>
        </test-method> <!-- GridCaps -->
        <test-method status="PASS" signature="GoogleDriveNegativeScenarioLoginFirstCase()[pri:0, instance:googledrive.GoogleDriveScenarios@5b464ce8]" name="GoogleDriveNegativeScenarioLoginFirstCase" duration-ms="22248" started-at="2016-02-05T14:12:55Z" finished-at="2016-02-05T14:13:18Z">
          <reporter-output>
          </reporter-output>
        </test-method> <!-- GoogleDriveNegativeScenarioLoginFirstCase -->
        <test-method status="PASS" signature="GridCaps(java.lang.String, java.lang.String)[pri:0, instance:googledrive.GoogleDriveScenarios@5b464ce8]" name="GridCaps" is-config="true" duration-ms="37123" started-at="2016-02-05T14:13:18Z" finished-at="2016-02-05T14:13:55Z">
          <params>
            <param index="0">
              <value>
                <![CDATA[CH]]>
              </value>
            </param>
            <param index="1">
              <value>
                <![CDATA[MAC]]>
              </value>
            </param>
          </params>
          <reporter-output>
          </reporter-output>
        </test-method> <!-- GridCaps -->
        <test-method status="PASS" signature="UploadImageInDesktopGoogleDriveAndCheckFileGetsSyncedToTheGoogleDriveWebsite()[pri:0, instance:googledrive.GoogleDriveScenarios@5b464ce8]" name="UploadImageInDesktopGoogleDriveAndCheckFileGetsSyncedToTheGoogleDriveWebsite" duration-ms="42594" started-at="2016-02-05T14:13:55Z" finished-at="2016-02-05T14:14:37Z">
          <reporter-output>
          </reporter-output>
        </test-method> <!-- UploadImageInDesktopGoogleDriveAndCheckFileGetsSyncedToTheGoogleDriveWebsite -->
        <test-method status="PASS" signature="GridCaps(java.lang.String, java.lang.String)[pri:0, instance:googledrive.GoogleDriveScenarios@5b464ce8]" name="GridCaps" is-config="true" duration-ms="38371" started-at="2016-02-05T14:14:37Z" finished-at="2016-02-05T14:15:16Z">
          <params>
            <param index="0">
              <value>
                <![CDATA[CH]]>
              </value>
            </param>
            <param index="1">
              <value>
                <![CDATA[MAC]]>
              </value>
            </param>
          </params>
          <reporter-output>
          </reporter-output>
        </test-method> <!-- GridCaps -->
        <test-method status="PASS" signature="UploadFileInDesktopGoogleDriveAndCheckFileGetsSyncedToTheGoogleDriveWebsite()[pri:0, instance:googledrive.GoogleDriveScenarios@5b464ce8]" name="UploadFileInDesktopGoogleDriveAndCheckFileGetsSyncedToTheGoogleDriveWebsite" duration-ms="42730" started-at="2016-02-05T14:15:16Z" finished-at="2016-02-05T14:15:59Z">
          <reporter-output>
          </reporter-output>
        </test-method> <!-- UploadFileInDesktopGoogleDriveAndCheckFileGetsSyncedToTheGoogleDriveWebsite -->
        <test-method status="PASS" signature="GridCaps(java.lang.String, java.lang.String)[pri:0, instance:googledrive.GoogleDriveScenarios@5b464ce8]" name="GridCaps" is-config="true" duration-ms="40955" started-at="2016-02-05T14:15:59Z" finished-at="2016-02-05T14:16:39Z">
          <params>
            <param index="0">
              <value>
                <![CDATA[CH]]>
              </value>
            </param>
            <param index="1">
              <value>
                <![CDATA[MAC]]>
              </value>
            </param>
          </params>
          <reporter-output>
          </reporter-output>
        </test-method> <!-- GridCaps -->
        <test-method status="PASS" signature="RenameUploadFileInDekstopGoogleDrivAndCheckFileGetsSyncedToTheGoogleDriveWebsite()[pri:0, instance:googledrive.GoogleDriveScenarios@5b464ce8]" name="RenameUploadFileInDekstopGoogleDrivAndCheckFileGetsSyncedToTheGoogleDriveWebsite" duration-ms="52487" started-at="2016-02-05T14:16:39Z" finished-at="2016-02-05T14:17:32Z">
          <reporter-output>
          </reporter-output>
        </test-method> <!-- RenameUploadFileInDekstopGoogleDrivAndCheckFileGetsSyncedToTheGoogleDriveWebsite -->
        <test-method status="PASS" signature="GridCaps(java.lang.String, java.lang.String)[pri:0, instance:googledrive.GoogleDriveScenarios@5b464ce8]" name="GridCaps" is-config="true" duration-ms="40773" started-at="2016-02-05T14:17:32Z" finished-at="2016-02-05T14:18:13Z">
          <params>
            <param index="0">
              <value>
                <![CDATA[CH]]>
              </value>
            </param>
            <param index="1">
              <value>
                <![CDATA[MAC]]>
              </value>
            </param>
          </params>
          <reporter-output>
          </reporter-output>
        </test-method> <!-- GridCaps -->
        <test-method status="PASS" signature="CloseBrowserWhileUploadingFileFromGoogleDrive()[pri:0, instance:googledrive.GoogleDriveScenarios@5b464ce8]" name="CloseBrowserWhileUploadingFileFromGoogleDrive" duration-ms="47771" started-at="2016-02-05T14:18:13Z" finished-at="2016-02-05T14:19:01Z">
          <reporter-output>
          </reporter-output>
        </test-method> <!-- CloseBrowserWhileUploadingFileFromGoogleDrive -->
        <test-method status="PASS" signature="GridCaps(java.lang.String, java.lang.String)[pri:0, instance:googledrive.GoogleDriveScenarios@5b464ce8]" name="GridCaps" is-config="true" duration-ms="42194" started-at="2016-02-05T14:19:01Z" finished-at="2016-02-05T14:19:43Z">
          <params>
            <param index="0">
              <value>
                <![CDATA[CH]]>
              </value>
            </param>
            <param index="1">
              <value>
                <![CDATA[MAC]]>
              </value>
            </param>
          </params>
          <reporter-output>
          </reporter-output>
        </test-method> <!-- GridCaps -->
        <test-method status="PASS" signature="GoogleDriveUploadImageWhenInternetIsOff()[pri:0, instance:googledrive.GoogleDriveScenarios@5b464ce8]" name="GoogleDriveUploadImageWhenInternetIsOff" duration-ms="75439" started-at="2016-02-05T14:19:43Z" finished-at="2016-02-05T14:20:58Z">
          <reporter-output>
          </reporter-output>
        </test-method> <!-- GoogleDriveUploadImageWhenInternetIsOff -->
      </class> <!-- googledrive.GoogleDriveScenarios -->
    </test> <!-- GRID TEST WITH BROWSER CH ON MAC -->
    <test name="GRID TEST WITH BROWSER FF ON WINDOWS" duration-ms="545174" started-at="2016-02-05T08:50:58Z" finished-at="2016-02-05T09:00:03Z">
      <class name="googledrive.GoogleDriveScenarios">
        <test-method status="PASS" signature="GridCaps(java.lang.String, java.lang.String)[pri:0, instance:googledrive.GoogleDriveScenarios@7a0ac6e3]" name="GridCaps" is-config="true" duration-ms="17702" started-at="2016-02-05T14:20:58Z" finished-at="2016-02-05T14:21:16Z">
          <params>
            <param index="0">
              <value>
                <![CDATA[FF]]>
              </value>
            </param>
            <param index="1">
              <value>
                <![CDATA[WINDOWS]]>
              </value>
            </param>
          </params>
          <reporter-output>
          </reporter-output>
        </test-method> <!-- GridCaps -->
        <test-method status="PASS" signature="GoogleDriveNegativeScenarioLoginFirstCase()[pri:0, instance:googledrive.GoogleDriveScenarios@7a0ac6e3]" name="GoogleDriveNegativeScenarioLoginFirstCase" duration-ms="29427" started-at="2016-02-05T14:21:16Z" finished-at="2016-02-05T14:21:45Z">
          <reporter-output>
          </reporter-output>
        </test-method> <!-- GoogleDriveNegativeScenarioLoginFirstCase -->
        <test-method status="PASS" signature="GridCaps(java.lang.String, java.lang.String)[pri:0, instance:googledrive.GoogleDriveScenarios@7a0ac6e3]" name="GridCaps" is-config="true" duration-ms="40207" started-at="2016-02-05T14:21:45Z" finished-at="2016-02-05T14:22:25Z">
          <params>
            <param index="0">
              <value>
                <![CDATA[FF]]>
              </value>
            </param>
            <param index="1">
              <value>
                <![CDATA[WINDOWS]]>
              </value>
            </param>
          </params>
          <reporter-output>
          </reporter-output>
        </test-method> <!-- GridCaps -->
        <test-method status="PASS" signature="UploadImageInDesktopGoogleDriveAndCheckFileGetsSyncedToTheGoogleDriveWebsite()[pri:0, instance:googledrive.GoogleDriveScenarios@7a0ac6e3]" name="UploadImageInDesktopGoogleDriveAndCheckFileGetsSyncedToTheGoogleDriveWebsite" duration-ms="41166" started-at="2016-02-05T14:22:25Z" finished-at="2016-02-05T14:23:07Z">
          <reporter-output>
          </reporter-output>
        </test-method> <!-- UploadImageInDesktopGoogleDriveAndCheckFileGetsSyncedToTheGoogleDriveWebsite -->
        <test-method status="PASS" signature="GridCaps(java.lang.String, java.lang.String)[pri:0, instance:googledrive.GoogleDriveScenarios@7a0ac6e3]" name="GridCaps" is-config="true" duration-ms="38829" started-at="2016-02-05T14:23:07Z" finished-at="2016-02-05T14:23:45Z">
          <params>
            <param index="0">
              <value>
                <![CDATA[FF]]>
              </value>
            </param>
            <param index="1">
              <value>
                <![CDATA[WINDOWS]]>
              </value>
            </param>
          </params>
          <reporter-output>
          </reporter-output>
        </test-method> <!-- GridCaps -->
        <test-method status="PASS" signature="UploadFileInDesktopGoogleDriveAndCheckFileGetsSyncedToTheGoogleDriveWebsite()[pri:0, instance:googledrive.GoogleDriveScenarios@7a0ac6e3]" name="UploadFileInDesktopGoogleDriveAndCheckFileGetsSyncedToTheGoogleDriveWebsite" duration-ms="41720" started-at="2016-02-05T14:23:45Z" finished-at="2016-02-05T14:24:27Z">
          <reporter-output>
          </reporter-output>
        </test-method> <!-- UploadFileInDesktopGoogleDriveAndCheckFileGetsSyncedToTheGoogleDriveWebsite -->
        <test-method status="PASS" signature="GridCaps(java.lang.String, java.lang.String)[pri:0, instance:googledrive.GoogleDriveScenarios@7a0ac6e3]" name="GridCaps" is-config="true" duration-ms="39453" started-at="2016-02-05T14:24:27Z" finished-at="2016-02-05T14:25:07Z">
          <params>
            <param index="0">
              <value>
                <![CDATA[FF]]>
              </value>
            </param>
            <param index="1">
              <value>
                <![CDATA[WINDOWS]]>
              </value>
            </param>
          </params>
          <reporter-output>
          </reporter-output>
        </test-method> <!-- GridCaps -->
        <test-method status="PASS" signature="RenameUploadFileInDekstopGoogleDrivAndCheckFileGetsSyncedToTheGoogleDriveWebsite()[pri:0, instance:googledrive.GoogleDriveScenarios@7a0ac6e3]" name="RenameUploadFileInDekstopGoogleDrivAndCheckFileGetsSyncedToTheGoogleDriveWebsite" duration-ms="53965" started-at="2016-02-05T14:25:07Z" finished-at="2016-02-05T14:26:01Z">
          <reporter-output>
          </reporter-output>
        </test-method> <!-- RenameUploadFileInDekstopGoogleDrivAndCheckFileGetsSyncedToTheGoogleDriveWebsite -->
        <test-method status="PASS" signature="GridCaps(java.lang.String, java.lang.String)[pri:0, instance:googledrive.GoogleDriveScenarios@7a0ac6e3]" name="GridCaps" is-config="true" duration-ms="38645" started-at="2016-02-05T14:26:01Z" finished-at="2016-02-05T14:26:39Z">
          <params>
            <param index="0">
              <value>
                <![CDATA[FF]]>
              </value>
            </param>
            <param index="1">
              <value>
                <![CDATA[WINDOWS]]>
              </value>
            </param>
          </params>
          <reporter-output>
          </reporter-output>
        </test-method> <!-- GridCaps -->
        <test-method status="FAIL" signature="CloseBrowserWhileUploadingFileFromGoogleDrive()[pri:0, instance:googledrive.GoogleDriveScenarios@7a0ac6e3]" name="CloseBrowserWhileUploadingFileFromGoogleDrive" duration-ms="179453" started-at="2016-02-05T14:26:39Z" finished-at="2016-02-05T14:29:39Z">
          <exception class="org.openqa.selenium.WebDriverException">
            <message>
              <![CDATA[Session [c9ba5292-fd80-4791-8377-cd349aa2c3d6] was terminated due to SO_TIMEOUT
Command duration or timeout: 7 milliseconds
Build info: version: '2.49.1', revision: '808c23b0963853d375cbe54b90bbd052e2528a54', time: '2016-01-21 09:37:52'
System info: host: 'SRAJU', ip: '127.0.0.1', os.name: 'Windows 8.1', os.arch: 'amd64', os.version: '6.3', java.version: '1.8.0_71'
Driver info: org.openqa.selenium.remote.RemoteWebDriver
Capabilities [{applicationCacheEnabled=true, rotatable=false, handlesAlerts=true, databaseEnabled=true, version=24.0, platform=WINDOWS, browserConnectionEnabled=true, nativeEvents=true, acceptSslCerts=true, webdriver.remote.sessionid=c9ba5292-fd80-4791-8377-cd349aa2c3d6, webStorageEnabled=true, locationContextEnabled=true, browserName=firefox, takesScreenshot=true, javascriptEnabled=true, cssSelectorsEnabled=true}]
Session ID: c9ba5292-fd80-4791-8377-cd349aa2c3d6]]>
            </message>
            <full-stacktrace>
              <![CDATA[org.openqa.selenium.WebDriverException: Session [c9ba5292-fd80-4791-8377-cd349aa2c3d6] was terminated due to SO_TIMEOUT
Command duration or timeout: 7 milliseconds
Build info: version: '2.49.1', revision: '808c23b0963853d375cbe54b90bbd052e2528a54', time: '2016-01-21 09:37:52'
System info: host: 'SRAJU', ip: '127.0.0.1', os.name: 'Windows 8.1', os.arch: 'amd64', os.version: '6.3', java.version: '1.8.0_71'
Driver info: org.openqa.selenium.remote.RemoteWebDriver
Capabilities [{applicationCacheEnabled=true, rotatable=false, handlesAlerts=true, databaseEnabled=true, version=24.0, platform=WINDOWS, browserConnectionEnabled=true, nativeEvents=true, acceptSslCerts=true, webdriver.remote.sessionid=c9ba5292-fd80-4791-8377-cd349aa2c3d6, webStorageEnabled=true, locationContextEnabled=true, browserName=firefox, takesScreenshot=true, javascriptEnabled=true, cssSelectorsEnabled=true}]
Session ID: c9ba5292-fd80-4791-8377-cd349aa2c3d6
	at sun.reflect.NativeConstructorAccessorImpl.newInstance0(Native Method)
	at sun.reflect.NativeConstructorAccessorImpl.newInstance(NativeConstructorAccessorImpl.java:62)
	at sun.reflect.DelegatingConstructorAccessorImpl.newInstance(DelegatingConstructorAccessorImpl.java:45)
	at java.lang.reflect.Constructor.newInstance(Constructor.java:422)
	at org.openqa.selenium.remote.ErrorHandler.createThrowable(ErrorHandler.java:206)
	at org.openqa.selenium.remote.ErrorHandler.throwIfResponseFailed(ErrorHandler.java:158)
	at org.openqa.selenium.remote.RemoteWebDriver.execute(RemoteWebDriver.java:678)
	at org.openqa.selenium.remote.RemoteWebDriver.execute(RemoteWebDriver.java:701)
	at org.openqa.selenium.remote.RemoteWebDriver.close(RemoteWebDriver.java:521)
	at googledrive.GoogleDriveScenarios.CloseBrowserWhileUploadingFileFromGoogleDrive(GoogleDriveScenarios.java:229)
	at sun.reflect.NativeMethodAccessorImpl.invoke0(Native Method)
	at sun.reflect.NativeMethodAccessorImpl.invoke(NativeMethodAccessorImpl.java:62)
	at sun.reflect.DelegatingMethodAccessorImpl.invoke(DelegatingMethodAccessorImpl.java:43)
	at java.lang.reflect.Method.invoke(Method.java:497)
	at org.testng.internal.MethodInvocationHelper.invokeMethod(MethodInvocationHelper.java:80)
	at org.testng.internal.Invoker.invokeMethod(Invoker.java:714)
	at org.testng.internal.Invoker.invokeTestMethod(Invoker.java:901)
	at org.testng.internal.Invoker.invokeTestMethods(Invoker.java:1231)
	at org.testng.internal.TestMethodWorker.invokeTestMethods(TestMethodWorker.java:127)
	at org.testng.internal.TestMethodWorker.run(TestMethodWorker.java:111)
	at org.testng.TestRunner.privateRun(TestRunner.java:767)
	at org.testng.TestRunner.run(TestRunner.java:617)
	at org.testng.SuiteRunner.runTest(SuiteRunner.java:334)
	at org.testng.SuiteRunner.runSequentially(SuiteRunner.java:329)
	at org.testng.SuiteRunner.privateRun(SuiteRunner.java:291)
	at org.testng.SuiteRunner.run(SuiteRunner.java:240)
	at org.testng.SuiteRunnerWorker.runSuite(SuiteRunnerWorker.java:52)
	at org.testng.SuiteRunnerWorker.run(SuiteRunnerWorker.java:86)
	at org.testng.TestNG.runSuitesSequentially(TestNG.java:1198)
	at org.testng.TestNG.runSuitesLocally(TestNG.java:1123)
	at org.testng.TestNG.run(TestNG.java:1031)
	at org.testng.remote.RemoteTestNG.run(RemoteTestNG.java:115)
	at org.testng.remote.RemoteTestNG.initAndRun(RemoteTestNG.java:207)
	at org.testng.remote.RemoteTestNG.main(RemoteTestNG.java:178)
Caused by: org.openqa.selenium.WebDriverException: Session [c9ba5292-fd80-4791-8377-cd349aa2c3d6] was terminated due to SO_TIMEOUT
Build info: version: '2.49.1', revision: '808c23b0963853d375cbe54b90bbd052e2528a54', time: '2016-01-21 09:37:52'
System info: host: 'SRAJU', ip: '127.0.0.1', os.name: 'Windows 8.1', os.arch: 'amd64', os.version: '6.3', java.version: '1.8.0_71'
Driver info: driver.version: unknown
	at org.openqa.grid.internal.ActiveTestSessions.getExistingSession(ActiveTestSessions.java:105)
	at org.openqa.grid.internal.Registry.getExistingSession(Registry.java:423)
	at org.openqa.grid.web.servlet.handler.RequestHandler.getSession(RequestHandler.java:238)
	at org.openqa.grid.web.servlet.handler.RequestHandler.process(RequestHandler.java:119)
	at org.openqa.grid.web.servlet.DriverServlet.process(DriverServlet.java:83)
	at org.openqa.grid.web.servlet.DriverServlet.doDelete(DriverServlet.java:73)
	at javax.servlet.http.HttpServlet.service(HttpServlet.java:733)
	at javax.servlet.http.HttpServlet.service(HttpServlet.java:820)
	at org.seleniumhq.jetty7.servlet.ServletHolder.handle(ServletHolder.java:565)
	at org.seleniumhq.jetty7.servlet.ServletHandler.doHandle(ServletHandler.java:479)
	at org.seleniumhq.jetty7.server.session.SessionHandler.doHandle(SessionHandler.java:225)
	at org.seleniumhq.jetty7.server.handler.ContextHandler.doHandle(ContextHandler.java:1031)
	at org.seleniumhq.jetty7.servlet.ServletHandler.doScope(ServletHandler.java:406)
	at org.seleniumhq.jetty7.server.session.SessionHandler.doScope(SessionHandler.java:186)
	at org.seleniumhq.jetty7.server.handler.ContextHandler.doScope(ContextHandler.java:965)
	at org.seleniumhq.jetty7.server.handler.ScopedHandler.handle(ScopedHandler.java:117)
	at org.seleniumhq.jetty7.server.handler.HandlerWrapper.handle(HandlerWrapper.java:111)
	at org.seleniumhq.jetty7.server.Server.handle(Server.java:349)
	at org.seleniumhq.jetty7.server.AbstractHttpConnection.handleRequest(AbstractHttpConnection.java:452)
	at org.seleniumhq.jetty7.server.BlockingHttpConnection.handleRequest(BlockingHttpConnection.java:47)
	at org.seleniumhq.jetty7.server.AbstractHttpConnection.headerComplete(AbstractHttpConnection.java:884)
	at org.seleniumhq.jetty7.server.AbstractHttpConnection$RequestHandler.headerComplete(AbstractHttpConnection.java:938)
	at org.seleniumhq.jetty7.http.HttpParser.parseNext(HttpParser.java:634)
	at org.seleniumhq.jetty7.http.HttpParser.parseAvailable(HttpParser.java:230)
	at org.seleniumhq.jetty7.server.BlockingHttpConnection.handle(BlockingHttpConnection.java:66)
	at org.seleniumhq.jetty7.server.bio.SocketConnector$ConnectorEndPoint.run(SocketConnector.java:254)
	at org.seleniumhq.jetty7.util.thread.QueuedThreadPool.runJob(QueuedThreadPool.java:599)
	at org.seleniumhq.jetty7.util.thread.QueuedThreadPool$3.run(QueuedThreadPool.java:534)
	at java.lang.Thread.run(Unknown Source)
]]>
            </full-stacktrace>
          </exception> <!-- org.openqa.selenium.WebDriverException -->
          <reporter-output>
          </reporter-output>
        </test-method> <!-- CloseBrowserWhileUploadingFileFromGoogleDrive -->
        <test-method status="PASS" signature="GridCaps(java.lang.String, java.lang.String)[pri:0, instance:googledrive.GoogleDriveScenarios@7a0ac6e3]" name="GridCaps" is-config="true" duration-ms="22532" started-at="2016-02-05T14:29:39Z" finished-at="2016-02-05T14:30:01Z">
          <params>
            <param index="0">
              <value>
                <![CDATA[FF]]>
              </value>
            </param>
            <param index="1">
              <value>
                <![CDATA[WINDOWS]]>
              </value>
            </param>
          </params>
          <reporter-output>
          </reporter-output>
        </test-method> <!-- GridCaps -->
        <test-method status="FAIL" signature="GoogleDriveUploadImageWhenInternetIsOff()[pri:0, instance:googledrive.GoogleDriveScenarios@7a0ac6e3]" name="GoogleDriveUploadImageWhenInternetIsOff" duration-ms="2062" started-at="2016-02-05T14:30:01Z" finished-at="2016-02-05T14:30:03Z">
          <exception class="org.openqa.selenium.NoSuchElementException">
            <message>
              <![CDATA[Unable to locate element: {"method":"css selector","selector":"div.one-whole a.maia-button.button-download.mobile-is-hidden.get-started.go-to-drive"}
For documentation on this error, please visit: http://seleniumhq.org/exceptions/no_such_element.html
Build info: version: '2.46.0', revision: '87c69e2', time: '2015-06-04 16:16:47'
System info: host: 'SRAJU', ip: '127.0.0.1', os.name: 'Windows 8.1', os.arch: 'amd64', os.version: '6.3', java.version: '1.8.0_71'
Driver info: driver.version: unknown
Command duration or timeout: 231 milliseconds
For documentation on this error, please visit: http://seleniumhq.org/exceptions/no_such_element.html
Build info: version: '2.49.1', revision: '808c23b0963853d375cbe54b90bbd052e2528a54', time: '2016-01-21 09:37:52'
System info: host: 'SRAJU', ip: '127.0.0.1', os.name: 'Windows 8.1', os.arch: 'amd64', os.version: '6.3', java.version: '1.8.0_71'
Driver info: org.openqa.selenium.remote.RemoteWebDriver
Capabilities [{applicationCacheEnabled=true, rotatable=false, handlesAlerts=true, databaseEnabled=true, version=24.0, platform=WINDOWS, browserConnectionEnabled=true, nativeEvents=true, acceptSslCerts=true, webdriver.remote.sessionid=7e2ef503-31be-45e4-861c-bc4931ad3532, webStorageEnabled=true, locationContextEnabled=true, browserName=firefox, takesScreenshot=true, javascriptEnabled=true, cssSelectorsEnabled=true}]
Session ID: 7e2ef503-31be-45e4-861c-bc4931ad3532
*** Element info: {Using=css selector, value=div.one-whole a.maia-button.button-download.mobile-is-hidden.get-started.go-to-drive}]]>
            </message>
            <full-stacktrace>
              <![CDATA[org.openqa.selenium.NoSuchElementException: Unable to locate element: {"method":"css selector","selector":"div.one-whole a.maia-button.button-download.mobile-is-hidden.get-started.go-to-drive"}
For documentation on this error, please visit: http://seleniumhq.org/exceptions/no_such_element.html
Build info: version: '2.46.0', revision: '87c69e2', time: '2015-06-04 16:16:47'
System info: host: 'SRAJU', ip: '127.0.0.1', os.name: 'Windows 8.1', os.arch: 'amd64', os.version: '6.3', java.version: '1.8.0_71'
Driver info: driver.version: unknown
Command duration or timeout: 231 milliseconds
For documentation on this error, please visit: http://seleniumhq.org/exceptions/no_such_element.html
Build info: version: '2.49.1', revision: '808c23b0963853d375cbe54b90bbd052e2528a54', time: '2016-01-21 09:37:52'
System info: host: 'SRAJU', ip: '127.0.0.1', os.name: 'Windows 8.1', os.arch: 'amd64', os.version: '6.3', java.version: '1.8.0_71'
Driver info: org.openqa.selenium.remote.RemoteWebDriver
Capabilities [{applicationCacheEnabled=true, rotatable=false, handlesAlerts=true, databaseEnabled=true, version=24.0, platform=WINDOWS, browserConnectionEnabled=true, nativeEvents=true, acceptSslCerts=true, webdriver.remote.sessionid=7e2ef503-31be-45e4-861c-bc4931ad3532, webStorageEnabled=true, locationContextEnabled=true, browserName=firefox, takesScreenshot=true, javascriptEnabled=true, cssSelectorsEnabled=true}]
Session ID: 7e2ef503-31be-45e4-861c-bc4931ad3532
*** Element info: {Using=css selector, value=div.one-whole a.maia-button.button-download.mobile-is-hidden.get-started.go-to-drive}
	at sun.reflect.NativeConstructorAccessorImpl.newInstance0(Native Method)
	at sun.reflect.NativeConstructorAccessorImpl.newInstance(NativeConstructorAccessorImpl.java:62)
	at sun.reflect.DelegatingConstructorAccessorImpl.newInstance(DelegatingConstructorAccessorImpl.java:45)
	at java.lang.reflect.Constructor.newInstance(Constructor.java:422)
	at org.openqa.selenium.remote.ErrorHandler.createThrowable(ErrorHandler.java:206)
	at org.openqa.selenium.remote.ErrorHandler.throwIfResponseFailed(ErrorHandler.java:158)
	at org.openqa.selenium.remote.RemoteWebDriver.execute(RemoteWebDriver.java:678)
	at org.openqa.selenium.remote.RemoteWebDriver.findElement(RemoteWebDriver.java:363)
	at org.openqa.selenium.remote.RemoteWebDriver.findElementByCssSelector(RemoteWebDriver.java:492)
	at org.openqa.selenium.By$ByCssSelector.findElement(By.java:430)
	at org.openqa.selenium.remote.RemoteWebDriver.findElement(RemoteWebDriver.java:355)
	at googledrive.GoogleDriveScenarios.Login(GoogleDriveScenarios.java:266)
	at googledrive.GoogleDriveScenarios.GoogleDriveUploadImageWhenInternetIsOff(GoogleDriveScenarios.java:155)
	at sun.reflect.NativeMethodAccessorImpl.invoke0(Native Method)
	at sun.reflect.NativeMethodAccessorImpl.invoke(NativeMethodAccessorImpl.java:62)
	at sun.reflect.DelegatingMethodAccessorImpl.invoke(DelegatingMethodAccessorImpl.java:43)
	at java.lang.reflect.Method.invoke(Method.java:497)
	at org.testng.internal.MethodInvocationHelper.invokeMethod(MethodInvocationHelper.java:80)
	at org.testng.internal.Invoker.invokeMethod(Invoker.java:714)
	at org.testng.internal.Invoker.invokeTestMethod(Invoker.java:901)
	at org.testng.internal.Invoker.invokeTestMethods(Invoker.java:1231)
	at org.testng.internal.TestMethodWorker.invokeTestMethods(TestMethodWorker.java:127)
	at org.testng.internal.TestMethodWorker.run(TestMethodWorker.java:111)
	at org.testng.TestRunner.privateRun(TestRunner.java:767)
	at org.testng.TestRunner.run(TestRunner.java:617)
	at org.testng.SuiteRunner.runTest(SuiteRunner.java:334)
	at org.testng.SuiteRunner.runSequentially(SuiteRunner.java:329)
	at org.testng.SuiteRunner.privateRun(SuiteRunner.java:291)
	at org.testng.SuiteRunner.run(SuiteRunner.java:240)
	at org.testng.SuiteRunnerWorker.runSuite(SuiteRunnerWorker.java:52)
	at org.testng.SuiteRunnerWorker.run(SuiteRunnerWorker.java:86)
	at org.testng.TestNG.runSuitesSequentially(TestNG.java:1198)
	at org.testng.TestNG.runSuitesLocally(TestNG.java:1123)
	at org.testng.TestNG.run(TestNG.java:1031)
	at org.testng.remote.RemoteTestNG.run(RemoteTestNG.java:115)
	at org.testng.remote.RemoteTestNG.initAndRun(RemoteTestNG.java:207)
	at org.testng.remote.RemoteTestNG.main(RemoteTestNG.java:178)
Caused by: org.openqa.selenium.remote.ScreenshotException: Screen shot has been taken
Build info: version: '2.49.1', revision: '808c23b0963853d375cbe54b90bbd052e2528a54', time: '2016-01-21 09:37:52'
System info: host: 'SRAJU', ip: '127.0.0.1', os.name: 'Windows 8.1', os.arch: 'amd64', os.version: '6.3', java.version: '1.8.0_71'
Driver info: driver.version: RemoteWebDriver
	at org.openqa.selenium.remote.ErrorHandler.throwIfResponseFailed(ErrorHandler.java:138)
	... 31 more
Caused by: org.openqa.selenium.NoSuchElementException: Unable to locate element: {"method":"css selector","selector":"div.one-whole a.maia-button.button-download.mobile-is-hidden.get-started.go-to-drive"}
For documentation on this error, please visit: http://seleniumhq.org/exceptions/no_such_element.html
Build info: version: '2.46.0', revision: '87c69e2', time: '2015-06-04 16:16:47'
System info: host: 'SRAJU', ip: '127.0.0.1', os.name: 'Windows 8.1', os.arch: 'amd64', os.version: '6.3', java.version: '1.8.0_71'
Driver info: driver.version: unknown
For documentation on this error, please visit: http://seleniumhq.org/exceptions/no_such_element.html
Build info: version: '2.49.1', revision: '808c23b0963853d375cbe54b90bbd052e2528a54', time: '2016-01-21 09:37:52'
System info: host: 'SRAJU', ip: '127.0.0.1', os.name: 'Windows 8.1', os.arch: 'amd64', os.version: '6.3', java.version: '1.8.0_71'
Driver info: driver.version: unknown
	at <anonymous class>.FirefoxDriver.prototype.findElementInternal_(file:///C:/Users/BSRAJU/AppData/Local/Temp/anonymous8257709001610865695webdriver-profile/extensions/fxdriver@googlecode.com/components/driver-component.js:10299)
	at <anonymous class>.FirefoxDriver.prototype.findElement(file:///C:/Users/BSRAJU/AppData/Local/Temp/anonymous8257709001610865695webdriver-profile/extensions/fxdriver@googlecode.com/components/driver-component.js:10308)
	at <anonymous class>.DelayedCommand.prototype.executeInternal_/h(file:///C:/Users/BSRAJU/AppData/Local/Temp/anonymous8257709001610865695webdriver-profile/extensions/fxdriver@googlecode.com/components/command-processor.js:12282)
	at <anonymous class>.DelayedCommand.prototype.executeInternal_(file:///C:/Users/BSRAJU/AppData/Local/Temp/anonymous8257709001610865695webdriver-profile/extensions/fxdriver@googlecode.com/components/command-processor.js:12287)
	at <anonymous class>.DelayedCommand.prototype.execute/<(file:///C:/Users/BSRAJU/AppData/Local/Temp/anonymous8257709001610865695webdriver-profile/extensions/fxdriver@googlecode.com/components/command-processor.js:12229)
]]>
            </full-stacktrace>
          </exception> <!-- org.openqa.selenium.NoSuchElementException -->
          <reporter-output>
          </reporter-output>
        </test-method> <!-- GoogleDriveUploadImageWhenInternetIsOff -->
      </class> <!-- googledrive.GoogleDriveScenarios -->
    </test> <!-- GRID TEST WITH BROWSER FF ON WINDOWS -->
    <test name="GRID TEST WITH BROWSER FF ON MAC" duration-ms="215429" started-at="2016-02-05T09:00:03Z" finished-at="2016-02-05T09:03:39Z">
      <class name="googledrive.GoogleDriveScenarios">
        <test-method status="PASS" signature="GridCaps(java.lang.String, java.lang.String)[pri:0, instance:googledrive.GoogleDriveScenarios@506e6d5e]" name="GridCaps" is-config="true" duration-ms="18038" started-at="2016-02-05T14:30:03Z" finished-at="2016-02-05T14:30:21Z">
          <params>
            <param index="0">
              <value>
                <![CDATA[FF]]>
              </value>
            </param>
            <param index="1">
              <value>
                <![CDATA[MAC]]>
              </value>
            </param>
          </params>
          <reporter-output>
          </reporter-output>
        </test-method> <!-- GridCaps -->
        <test-method status="FAIL" signature="GoogleDriveNegativeScenarioLoginFirstCase()[pri:0, instance:googledrive.GoogleDriveScenarios@506e6d5e]" name="GoogleDriveNegativeScenarioLoginFirstCase" duration-ms="2164" started-at="2016-02-05T14:30:21Z" finished-at="2016-02-05T14:30:24Z">
          <exception class="org.openqa.selenium.NoSuchElementException">
            <message>
              <![CDATA[Unable to locate element: {"method":"css selector","selector":"div.one-whole a.maia-button.button-download.mobile-is-hidden.get-started.go-to-drive"}
For documentation on this error, please visit: http://seleniumhq.org/exceptions/no_such_element.html
Build info: version: '2.46.0', revision: '87c69e2', time: '2015-06-04 16:16:47'
System info: host: 'SRAJU', ip: '127.0.0.1', os.name: 'Windows 8.1', os.arch: 'amd64', os.version: '6.3', java.version: '1.8.0_71'
Driver info: driver.version: unknown
Command duration or timeout: 382 milliseconds
For documentation on this error, please visit: http://seleniumhq.org/exceptions/no_such_element.html
Build info: version: '2.49.1', revision: '808c23b0963853d375cbe54b90bbd052e2528a54', time: '2016-01-21 09:37:52'
System info: host: 'SRAJU', ip: '127.0.0.1', os.name: 'Windows 8.1', os.arch: 'amd64', os.version: '6.3', java.version: '1.8.0_71'
Driver info: org.openqa.selenium.remote.RemoteWebDriver
Capabilities [{applicationCacheEnabled=true, rotatable=false, handlesAlerts=true, databaseEnabled=true, version=24.0, platform=WINDOWS, browserConnectionEnabled=true, nativeEvents=true, acceptSslCerts=true, webdriver.remote.sessionid=9d83a94c-0605-4572-a77a-d3e8bde87328, webStorageEnabled=true, locationContextEnabled=true, browserName=firefox, takesScreenshot=true, javascriptEnabled=true, cssSelectorsEnabled=true}]
Session ID: 9d83a94c-0605-4572-a77a-d3e8bde87328
*** Element info: {Using=css selector, value=div.one-whole a.maia-button.button-download.mobile-is-hidden.get-started.go-to-drive}]]>
            </message>
            <full-stacktrace>
              <![CDATA[org.openqa.selenium.NoSuchElementException: Unable to locate element: {"method":"css selector","selector":"div.one-whole a.maia-button.button-download.mobile-is-hidden.get-started.go-to-drive"}
For documentation on this error, please visit: http://seleniumhq.org/exceptions/no_such_element.html
Build info: version: '2.46.0', revision: '87c69e2', time: '2015-06-04 16:16:47'
System info: host: 'SRAJU', ip: '127.0.0.1', os.name: 'Windows 8.1', os.arch: 'amd64', os.version: '6.3', java.version: '1.8.0_71'
Driver info: driver.version: unknown
Command duration or timeout: 382 milliseconds
For documentation on this error, please visit: http://seleniumhq.org/exceptions/no_such_element.html
Build info: version: '2.49.1', revision: '808c23b0963853d375cbe54b90bbd052e2528a54', time: '2016-01-21 09:37:52'
System info: host: 'SRAJU', ip: '127.0.0.1', os.name: 'Windows 8.1', os.arch: 'amd64', os.version: '6.3', java.version: '1.8.0_71'
Driver info: org.openqa.selenium.remote.RemoteWebDriver
Capabilities [{applicationCacheEnabled=true, rotatable=false, handlesAlerts=true, databaseEnabled=true, version=24.0, platform=WINDOWS, browserConnectionEnabled=true, nativeEvents=true, acceptSslCerts=true, webdriver.remote.sessionid=9d83a94c-0605-4572-a77a-d3e8bde87328, webStorageEnabled=true, locationContextEnabled=true, browserName=firefox, takesScreenshot=true, javascriptEnabled=true, cssSelectorsEnabled=true}]
Session ID: 9d83a94c-0605-4572-a77a-d3e8bde87328
*** Element info: {Using=css selector, value=div.one-whole a.maia-button.button-download.mobile-is-hidden.get-started.go-to-drive}
	at sun.reflect.NativeConstructorAccessorImpl.newInstance0(Native Method)
	at sun.reflect.NativeConstructorAccessorImpl.newInstance(NativeConstructorAccessorImpl.java:62)
	at sun.reflect.DelegatingConstructorAccessorImpl.newInstance(DelegatingConstructorAccessorImpl.java:45)
	at java.lang.reflect.Constructor.newInstance(Constructor.java:422)
	at org.openqa.selenium.remote.ErrorHandler.createThrowable(ErrorHandler.java:206)
	at org.openqa.selenium.remote.ErrorHandler.throwIfResponseFailed(ErrorHandler.java:158)
	at org.openqa.selenium.remote.RemoteWebDriver.execute(RemoteWebDriver.java:678)
	at org.openqa.selenium.remote.RemoteWebDriver.findElement(RemoteWebDriver.java:363)
	at org.openqa.selenium.remote.RemoteWebDriver.findElementByCssSelector(RemoteWebDriver.java:492)
	at org.openqa.selenium.By$ByCssSelector.findElement(By.java:430)
	at org.openqa.selenium.remote.RemoteWebDriver.findElement(RemoteWebDriver.java:355)
	at googledrive.GoogleDriveScenarios.Login(GoogleDriveScenarios.java:266)
	at googledrive.GoogleDriveScenarios.GoogleDriveNegativeScenarioLoginFirstCase(GoogleDriveScenarios.java:102)
	at sun.reflect.NativeMethodAccessorImpl.invoke0(Native Method)
	at sun.reflect.NativeMethodAccessorImpl.invoke(NativeMethodAccessorImpl.java:62)
	at sun.reflect.DelegatingMethodAccessorImpl.invoke(DelegatingMethodAccessorImpl.java:43)
	at java.lang.reflect.Method.invoke(Method.java:497)
	at org.testng.internal.MethodInvocationHelper.invokeMethod(MethodInvocationHelper.java:80)
	at org.testng.internal.Invoker.invokeMethod(Invoker.java:714)
	at org.testng.internal.Invoker.invokeTestMethod(Invoker.java:901)
	at org.testng.internal.Invoker.invokeTestMethods(Invoker.java:1231)
	at org.testng.internal.TestMethodWorker.invokeTestMethods(TestMethodWorker.java:127)
	at org.testng.internal.TestMethodWorker.run(TestMethodWorker.java:111)
	at org.testng.TestRunner.privateRun(TestRunner.java:767)
	at org.testng.TestRunner.run(TestRunner.java:617)
	at org.testng.SuiteRunner.runTest(SuiteRunner.java:334)
	at org.testng.SuiteRunner.runSequentially(SuiteRunner.java:329)
	at org.testng.SuiteRunner.privateRun(SuiteRunner.java:291)
	at org.testng.SuiteRunner.run(SuiteRunner.java:240)
	at org.testng.SuiteRunnerWorker.runSuite(SuiteRunnerWorker.java:52)
	at org.testng.SuiteRunnerWorker.run(SuiteRunnerWorker.java:86)
	at org.testng.TestNG.runSuitesSequentially(TestNG.java:1198)
	at org.testng.TestNG.runSuitesLocally(TestNG.java:1123)
	at org.testng.TestNG.run(TestNG.java:1031)
	at org.testng.remote.RemoteTestNG.run(RemoteTestNG.java:115)
	at org.testng.remote.RemoteTestNG.initAndRun(RemoteTestNG.java:207)
	at org.testng.remote.RemoteTestNG.main(RemoteTestNG.java:178)
Caused by: org.openqa.selenium.remote.ScreenshotException: Screen shot has been taken
Build info: version: '2.49.1', revision: '808c23b0963853d375cbe54b90bbd052e2528a54', time: '2016-01-21 09:37:52'
System info: host: 'SRAJU', ip: '127.0.0.1', os.name: 'Windows 8.1', os.arch: 'amd64', os.version: '6.3', java.version: '1.8.0_71'
Driver info: driver.version: RemoteWebDriver
	at org.openqa.selenium.remote.ErrorHandler.throwIfResponseFailed(ErrorHandler.java:138)
	... 31 more
Caused by: org.openqa.selenium.NoSuchElementException: Unable to locate element: {"method":"css selector","selector":"div.one-whole a.maia-button.button-download.mobile-is-hidden.get-started.go-to-drive"}
For documentation on this error, please visit: http://seleniumhq.org/exceptions/no_such_element.html
Build info: version: '2.46.0', revision: '87c69e2', time: '2015-06-04 16:16:47'
System info: host: 'SRAJU', ip: '127.0.0.1', os.name: 'Windows 8.1', os.arch: 'amd64', os.version: '6.3', java.version: '1.8.0_71'
Driver info: driver.version: unknown
For documentation on this error, please visit: http://seleniumhq.org/exceptions/no_such_element.html
Build info: version: '2.49.1', revision: '808c23b0963853d375cbe54b90bbd052e2528a54', time: '2016-01-21 09:37:52'
System info: host: 'SRAJU', ip: '127.0.0.1', os.name: 'Windows 8.1', os.arch: 'amd64', os.version: '6.3', java.version: '1.8.0_71'
Driver info: driver.version: unknown
	at <anonymous class>.FirefoxDriver.prototype.findElementInternal_(file:///C:/Users/BSRAJU/AppData/Local/Temp/anonymous3264365738361765466webdriver-profile/extensions/fxdriver@googlecode.com/components/driver-component.js:10299)
	at <anonymous class>.FirefoxDriver.prototype.findElement(file:///C:/Users/BSRAJU/AppData/Local/Temp/anonymous3264365738361765466webdriver-profile/extensions/fxdriver@googlecode.com/components/driver-component.js:10308)
	at <anonymous class>.DelayedCommand.prototype.executeInternal_/h(file:///C:/Users/BSRAJU/AppData/Local/Temp/anonymous3264365738361765466webdriver-profile/extensions/fxdriver@googlecode.com/components/command-processor.js:12282)
	at <anonymous class>.DelayedCommand.prototype.executeInternal_(file:///C:/Users/BSRAJU/AppData/Local/Temp/anonymous3264365738361765466webdriver-profile/extensions/fxdriver@googlecode.com/components/command-processor.js:12287)
	at <anonymous class>.DelayedCommand.prototype.execute/<(file:///C:/Users/BSRAJU/AppData/Local/Temp/anonymous3264365738361765466webdriver-profile/extensions/fxdriver@googlecode.com/components/command-processor.js:12229)
]]>
            </full-stacktrace>
          </exception> <!-- org.openqa.selenium.NoSuchElementException -->
          <reporter-output>
          </reporter-output>
        </test-method> <!-- GoogleDriveNegativeScenarioLoginFirstCase -->
        <test-method status="PASS" signature="GridCaps(java.lang.String, java.lang.String)[pri:0, instance:googledrive.GoogleDriveScenarios@506e6d5e]" name="GridCaps" is-config="true" duration-ms="37485" started-at="2016-02-05T14:30:24Z" finished-at="2016-02-05T14:31:01Z">
          <params>
            <param index="0">
              <value>
                <![CDATA[FF]]>
              </value>
            </param>
            <param index="1">
              <value>
                <![CDATA[MAC]]>
              </value>
            </param>
          </params>
          <reporter-output>
          </reporter-output>
        </test-method> <!-- GridCaps -->
        <test-method status="FAIL" signature="UploadImageInDesktopGoogleDriveAndCheckFileGetsSyncedToTheGoogleDriveWebsite()[pri:0, instance:googledrive.GoogleDriveScenarios@506e6d5e]" name="UploadImageInDesktopGoogleDriveAndCheckFileGetsSyncedToTheGoogleDriveWebsite" duration-ms="2868" started-at="2016-02-05T14:31:01Z" finished-at="2016-02-05T14:31:04Z">
          <exception class="org.openqa.selenium.NoSuchElementException">
            <message>
              <![CDATA[Unable to locate element: {"method":"css selector","selector":"div.one-whole a.maia-button.button-download.mobile-is-hidden.get-started.go-to-drive"}
For documentation on this error, please visit: http://seleniumhq.org/exceptions/no_such_element.html
Build info: version: '2.46.0', revision: '87c69e2', time: '2015-06-04 16:16:47'
System info: host: 'SRAJU', ip: '127.0.0.1', os.name: 'Windows 8.1', os.arch: 'amd64', os.version: '6.3', java.version: '1.8.0_71'
Driver info: driver.version: unknown
Command duration or timeout: 245 milliseconds
For documentation on this error, please visit: http://seleniumhq.org/exceptions/no_such_element.html
Build info: version: '2.49.1', revision: '808c23b0963853d375cbe54b90bbd052e2528a54', time: '2016-01-21 09:37:52'
System info: host: 'SRAJU', ip: '127.0.0.1', os.name: 'Windows 8.1', os.arch: 'amd64', os.version: '6.3', java.version: '1.8.0_71'
Driver info: org.openqa.selenium.remote.RemoteWebDriver
Capabilities [{applicationCacheEnabled=true, rotatable=false, handlesAlerts=true, databaseEnabled=true, version=24.0, platform=WINDOWS, browserConnectionEnabled=true, nativeEvents=true, acceptSslCerts=true, webdriver.remote.sessionid=74e29261-ad31-419a-9bc7-379828451c43, webStorageEnabled=true, locationContextEnabled=true, browserName=firefox, takesScreenshot=true, javascriptEnabled=true, cssSelectorsEnabled=true}]
Session ID: 74e29261-ad31-419a-9bc7-379828451c43
*** Element info: {Using=css selector, value=div.one-whole a.maia-button.button-download.mobile-is-hidden.get-started.go-to-drive}]]>
            </message>
            <full-stacktrace>
              <![CDATA[org.openqa.selenium.NoSuchElementException: Unable to locate element: {"method":"css selector","selector":"div.one-whole a.maia-button.button-download.mobile-is-hidden.get-started.go-to-drive"}
For documentation on this error, please visit: http://seleniumhq.org/exceptions/no_such_element.html
Build info: version: '2.46.0', revision: '87c69e2', time: '2015-06-04 16:16:47'
System info: host: 'SRAJU', ip: '127.0.0.1', os.name: 'Windows 8.1', os.arch: 'amd64', os.version: '6.3', java.version: '1.8.0_71'
Driver info: driver.version: unknown
Command duration or timeout: 245 milliseconds
For documentation on this error, please visit: http://seleniumhq.org/exceptions/no_such_element.html
Build info: version: '2.49.1', revision: '808c23b0963853d375cbe54b90bbd052e2528a54', time: '2016-01-21 09:37:52'
System info: host: 'SRAJU', ip: '127.0.0.1', os.name: 'Windows 8.1', os.arch: 'amd64', os.version: '6.3', java.version: '1.8.0_71'
Driver info: org.openqa.selenium.remote.RemoteWebDriver
Capabilities [{applicationCacheEnabled=true, rotatable=false, handlesAlerts=true, databaseEnabled=true, version=24.0, platform=WINDOWS, browserConnectionEnabled=true, nativeEvents=true, acceptSslCerts=true, webdriver.remote.sessionid=74e29261-ad31-419a-9bc7-379828451c43, webStorageEnabled=true, locationContextEnabled=true, browserName=firefox, takesScreenshot=true, javascriptEnabled=true, cssSelectorsEnabled=true}]
Session ID: 74e29261-ad31-419a-9bc7-379828451c43
*** Element info: {Using=css selector, value=div.one-whole a.maia-button.button-download.mobile-is-hidden.get-started.go-to-drive}
	at sun.reflect.NativeConstructorAccessorImpl.newInstance0(Native Method)
	at sun.reflect.NativeConstructorAccessorImpl.newInstance(NativeConstructorAccessorImpl.java:62)
	at sun.reflect.DelegatingConstructorAccessorImpl.newInstance(DelegatingConstructorAccessorImpl.java:45)
	at java.lang.reflect.Constructor.newInstance(Constructor.java:422)
	at org.openqa.selenium.remote.ErrorHandler.createThrowable(ErrorHandler.java:206)
	at org.openqa.selenium.remote.ErrorHandler.throwIfResponseFailed(ErrorHandler.java:158)
	at org.openqa.selenium.remote.RemoteWebDriver.execute(RemoteWebDriver.java:678)
	at org.openqa.selenium.remote.RemoteWebDriver.findElement(RemoteWebDriver.java:363)
	at org.openqa.selenium.remote.RemoteWebDriver.findElementByCssSelector(RemoteWebDriver.java:492)
	at org.openqa.selenium.By$ByCssSelector.findElement(By.java:430)
	at org.openqa.selenium.remote.RemoteWebDriver.findElement(RemoteWebDriver.java:355)
	at googledrive.GoogleDriveScenarios.Login(GoogleDriveScenarios.java:266)
	at googledrive.GoogleDriveScenarios.UploadFileOrImageInDesktopGoogleDrive(GoogleDriveScenarios.java:325)
	at googledrive.GoogleDriveScenarios.UploadImageInDesktopGoogleDriveAndCheckFileGetsSyncedToTheGoogleDriveWebsite(GoogleDriveScenarios.java:120)
	at sun.reflect.NativeMethodAccessorImpl.invoke0(Native Method)
	at sun.reflect.NativeMethodAccessorImpl.invoke(NativeMethodAccessorImpl.java:62)
	at sun.reflect.DelegatingMethodAccessorImpl.invoke(DelegatingMethodAccessorImpl.java:43)
	at java.lang.reflect.Method.invoke(Method.java:497)
	at org.testng.internal.MethodInvocationHelper.invokeMethod(MethodInvocationHelper.java:80)
	at org.testng.internal.Invoker.invokeMethod(Invoker.java:714)
	at org.testng.internal.Invoker.invokeTestMethod(Invoker.java:901)
	at org.testng.internal.Invoker.invokeTestMethods(Invoker.java:1231)
	at org.testng.internal.TestMethodWorker.invokeTestMethods(TestMethodWorker.java:127)
	at org.testng.internal.TestMethodWorker.run(TestMethodWorker.java:111)
	at org.testng.TestRunner.privateRun(TestRunner.java:767)
	at org.testng.TestRunner.run(TestRunner.java:617)
	at org.testng.SuiteRunner.runTest(SuiteRunner.java:334)
	at org.testng.SuiteRunner.runSequentially(SuiteRunner.java:329)
	at org.testng.SuiteRunner.privateRun(SuiteRunner.java:291)
	at org.testng.SuiteRunner.run(SuiteRunner.java:240)
	at org.testng.SuiteRunnerWorker.runSuite(SuiteRunnerWorker.java:52)
	at org.testng.SuiteRunnerWorker.run(SuiteRunnerWorker.java:86)
	at org.testng.TestNG.runSuitesSequentially(TestNG.java:1198)
	at org.testng.TestNG.runSuitesLocally(TestNG.java:1123)
	at org.testng.TestNG.run(TestNG.java:1031)
	at org.testng.remote.RemoteTestNG.run(RemoteTestNG.java:115)
	at org.testng.remote.RemoteTestNG.initAndRun(RemoteTestNG.java:207)
	at org.testng.remote.RemoteTestNG.main(RemoteTestNG.java:178)
Caused by: org.openqa.selenium.remote.ScreenshotException: Screen shot has been taken
Build info: version: '2.49.1', revision: '808c23b0963853d375cbe54b90bbd052e2528a54', time: '2016-01-21 09:37:52'
System info: host: 'SRAJU', ip: '127.0.0.1', os.name: 'Windows 8.1', os.arch: 'amd64', os.version: '6.3', java.version: '1.8.0_71'
Driver info: driver.version: RemoteWebDriver
	at org.openqa.selenium.remote.ErrorHandler.throwIfResponseFailed(ErrorHandler.java:138)
	... 32 more
Caused by: org.openqa.selenium.NoSuchElementException: Unable to locate element: {"method":"css selector","selector":"div.one-whole a.maia-button.button-download.mobile-is-hidden.get-started.go-to-drive"}
For documentation on this error, please visit: http://seleniumhq.org/exceptions/no_such_element.html
Build info: version: '2.46.0', revision: '87c69e2', time: '2015-06-04 16:16:47'
System info: host: 'SRAJU', ip: '127.0.0.1', os.name: 'Windows 8.1', os.arch: 'amd64', os.version: '6.3', java.version: '1.8.0_71'
Driver info: driver.version: unknown
For documentation on this error, please visit: http://seleniumhq.org/exceptions/no_such_element.html
Build info: version: '2.49.1', revision: '808c23b0963853d375cbe54b90bbd052e2528a54', time: '2016-01-21 09:37:52'
System info: host: 'SRAJU', ip: '127.0.0.1', os.name: 'Windows 8.1', os.arch: 'amd64', os.version: '6.3', java.version: '1.8.0_71'
Driver info: driver.version: unknown
	at <anonymous class>.FirefoxDriver.prototype.findElementInternal_(file:///C:/Users/BSRAJU/AppData/Local/Temp/anonymous6518794674644089922webdriver-profile/extensions/fxdriver@googlecode.com/components/driver-component.js:10299)
	at <anonymous class>.FirefoxDriver.prototype.findElement(file:///C:/Users/BSRAJU/AppData/Local/Temp/anonymous6518794674644089922webdriver-profile/extensions/fxdriver@googlecode.com/components/driver-component.js:10308)
	at <anonymous class>.DelayedCommand.prototype.executeInternal_/h(file:///C:/Users/BSRAJU/AppData/Local/Temp/anonymous6518794674644089922webdriver-profile/extensions/fxdriver@googlecode.com/components/command-processor.js:12282)
	at <anonymous class>.DelayedCommand.prototype.executeInternal_(file:///C:/Users/BSRAJU/AppData/Local/Temp/anonymous6518794674644089922webdriver-profile/extensions/fxdriver@googlecode.com/components/command-processor.js:12287)
	at <anonymous class>.DelayedCommand.prototype.execute/<(file:///C:/Users/BSRAJU/AppData/Local/Temp/anonymous6518794674644089922webdriver-profile/extensions/fxdriver@googlecode.com/components/command-processor.js:12229)
]]>
            </full-stacktrace>
          </exception> <!-- org.openqa.selenium.NoSuchElementException -->
          <reporter-output>
          </reporter-output>
        </test-method> <!-- UploadImageInDesktopGoogleDriveAndCheckFileGetsSyncedToTheGoogleDriveWebsite -->
        <test-method status="PASS" signature="GridCaps(java.lang.String, java.lang.String)[pri:0, instance:googledrive.GoogleDriveScenarios@506e6d5e]" name="GridCaps" is-config="true" duration-ms="37985" started-at="2016-02-05T14:31:04Z" finished-at="2016-02-05T14:31:42Z">
          <params>
            <param index="0">
              <value>
                <![CDATA[FF]]>
              </value>
            </param>
            <param index="1">
              <value>
                <![CDATA[MAC]]>
              </value>
            </param>
          </params>
          <reporter-output>
          </reporter-output>
        </test-method> <!-- GridCaps -->
        <test-method status="FAIL" signature="UploadFileInDesktopGoogleDriveAndCheckFileGetsSyncedToTheGoogleDriveWebsite()[pri:0, instance:googledrive.GoogleDriveScenarios@506e6d5e]" name="UploadFileInDesktopGoogleDriveAndCheckFileGetsSyncedToTheGoogleDriveWebsite" duration-ms="2713" started-at="2016-02-05T14:31:42Z" finished-at="2016-02-05T14:31:45Z">
          <exception class="org.openqa.selenium.NoSuchElementException">
            <message>
              <![CDATA[Unable to locate element: {"method":"css selector","selector":"div.one-whole a.maia-button.button-download.mobile-is-hidden.get-started.go-to-drive"}
For documentation on this error, please visit: http://seleniumhq.org/exceptions/no_such_element.html
Build info: version: '2.46.0', revision: '87c69e2', time: '2015-06-04 16:16:47'
System info: host: 'SRAJU', ip: '127.0.0.1', os.name: 'Windows 8.1', os.arch: 'amd64', os.version: '6.3', java.version: '1.8.0_71'
Driver info: driver.version: unknown
Command duration or timeout: 246 milliseconds
For documentation on this error, please visit: http://seleniumhq.org/exceptions/no_such_element.html
Build info: version: '2.49.1', revision: '808c23b0963853d375cbe54b90bbd052e2528a54', time: '2016-01-21 09:37:52'
System info: host: 'SRAJU', ip: '127.0.0.1', os.name: 'Windows 8.1', os.arch: 'amd64', os.version: '6.3', java.version: '1.8.0_71'
Driver info: org.openqa.selenium.remote.RemoteWebDriver
Capabilities [{applicationCacheEnabled=true, rotatable=false, handlesAlerts=true, databaseEnabled=true, version=24.0, platform=WINDOWS, browserConnectionEnabled=true, nativeEvents=true, acceptSslCerts=true, webdriver.remote.sessionid=2226ebe7-a191-426e-a6e6-edd57b381713, webStorageEnabled=true, locationContextEnabled=true, browserName=firefox, takesScreenshot=true, javascriptEnabled=true, cssSelectorsEnabled=true}]
Session ID: 2226ebe7-a191-426e-a6e6-edd57b381713
*** Element info: {Using=css selector, value=div.one-whole a.maia-button.button-download.mobile-is-hidden.get-started.go-to-drive}]]>
            </message>
            <full-stacktrace>
              <![CDATA[org.openqa.selenium.NoSuchElementException: Unable to locate element: {"method":"css selector","selector":"div.one-whole a.maia-button.button-download.mobile-is-hidden.get-started.go-to-drive"}
For documentation on this error, please visit: http://seleniumhq.org/exceptions/no_such_element.html
Build info: version: '2.46.0', revision: '87c69e2', time: '2015-06-04 16:16:47'
System info: host: 'SRAJU', ip: '127.0.0.1', os.name: 'Windows 8.1', os.arch: 'amd64', os.version: '6.3', java.version: '1.8.0_71'
Driver info: driver.version: unknown
Command duration or timeout: 246 milliseconds
For documentation on this error, please visit: http://seleniumhq.org/exceptions/no_such_element.html
Build info: version: '2.49.1', revision: '808c23b0963853d375cbe54b90bbd052e2528a54', time: '2016-01-21 09:37:52'
System info: host: 'SRAJU', ip: '127.0.0.1', os.name: 'Windows 8.1', os.arch: 'amd64', os.version: '6.3', java.version: '1.8.0_71'
Driver info: org.openqa.selenium.remote.RemoteWebDriver
Capabilities [{applicationCacheEnabled=true, rotatable=false, handlesAlerts=true, databaseEnabled=true, version=24.0, platform=WINDOWS, browserConnectionEnabled=true, nativeEvents=true, acceptSslCerts=true, webdriver.remote.sessionid=2226ebe7-a191-426e-a6e6-edd57b381713, webStorageEnabled=true, locationContextEnabled=true, browserName=firefox, takesScreenshot=true, javascriptEnabled=true, cssSelectorsEnabled=true}]
Session ID: 2226ebe7-a191-426e-a6e6-edd57b381713
*** Element info: {Using=css selector, value=div.one-whole a.maia-button.button-download.mobile-is-hidden.get-started.go-to-drive}
	at sun.reflect.NativeConstructorAccessorImpl.newInstance0(Native Method)
	at sun.reflect.NativeConstructorAccessorImpl.newInstance(NativeConstructorAccessorImpl.java:62)
	at sun.reflect.DelegatingConstructorAccessorImpl.newInstance(DelegatingConstructorAccessorImpl.java:45)
	at java.lang.reflect.Constructor.newInstance(Constructor.java:422)
	at org.openqa.selenium.remote.ErrorHandler.createThrowable(ErrorHandler.java:206)
	at org.openqa.selenium.remote.ErrorHandler.throwIfResponseFailed(ErrorHandler.java:158)
	at org.openqa.selenium.remote.RemoteWebDriver.execute(RemoteWebDriver.java:678)
	at org.openqa.selenium.remote.RemoteWebDriver.findElement(RemoteWebDriver.java:363)
	at org.openqa.selenium.remote.RemoteWebDriver.findElementByCssSelector(RemoteWebDriver.java:492)
	at org.openqa.selenium.By$ByCssSelector.findElement(By.java:430)
	at org.openqa.selenium.remote.RemoteWebDriver.findElement(RemoteWebDriver.java:355)
	at googledrive.GoogleDriveScenarios.Login(GoogleDriveScenarios.java:266)
	at googledrive.GoogleDriveScenarios.UploadFileOrImageInDesktopGoogleDrive(GoogleDriveScenarios.java:325)
	at googledrive.GoogleDriveScenarios.UploadFileInDesktopGoogleDriveAndCheckFileGetsSyncedToTheGoogleDriveWebsite(GoogleDriveScenarios.java:132)
	at sun.reflect.NativeMethodAccessorImpl.invoke0(Native Method)
	at sun.reflect.NativeMethodAccessorImpl.invoke(NativeMethodAccessorImpl.java:62)
	at sun.reflect.DelegatingMethodAccessorImpl.invoke(DelegatingMethodAccessorImpl.java:43)
	at java.lang.reflect.Method.invoke(Method.java:497)
	at org.testng.internal.MethodInvocationHelper.invokeMethod(MethodInvocationHelper.java:80)
	at org.testng.internal.Invoker.invokeMethod(Invoker.java:714)
	at org.testng.internal.Invoker.invokeTestMethod(Invoker.java:901)
	at org.testng.internal.Invoker.invokeTestMethods(Invoker.java:1231)
	at org.testng.internal.TestMethodWorker.invokeTestMethods(TestMethodWorker.java:127)
	at org.testng.internal.TestMethodWorker.run(TestMethodWorker.java:111)
	at org.testng.TestRunner.privateRun(TestRunner.java:767)
	at org.testng.TestRunner.run(TestRunner.java:617)
	at org.testng.SuiteRunner.runTest(SuiteRunner.java:334)
	at org.testng.SuiteRunner.runSequentially(SuiteRunner.java:329)
	at org.testng.SuiteRunner.privateRun(SuiteRunner.java:291)
	at org.testng.SuiteRunner.run(SuiteRunner.java:240)
	at org.testng.SuiteRunnerWorker.runSuite(SuiteRunnerWorker.java:52)
	at org.testng.SuiteRunnerWorker.run(SuiteRunnerWorker.java:86)
	at org.testng.TestNG.runSuitesSequentially(TestNG.java:1198)
	at org.testng.TestNG.runSuitesLocally(TestNG.java:1123)
	at org.testng.TestNG.run(TestNG.java:1031)
	at org.testng.remote.RemoteTestNG.run(RemoteTestNG.java:115)
	at org.testng.remote.RemoteTestNG.initAndRun(RemoteTestNG.java:207)
	at org.testng.remote.RemoteTestNG.main(RemoteTestNG.java:178)
Caused by: org.openqa.selenium.remote.ScreenshotException: Screen shot has been taken
Build info: version: '2.49.1', revision: '808c23b0963853d375cbe54b90bbd052e2528a54', time: '2016-01-21 09:37:52'
System info: host: 'SRAJU', ip: '127.0.0.1', os.name: 'Windows 8.1', os.arch: 'amd64', os.version: '6.3', java.version: '1.8.0_71'
Driver info: driver.version: RemoteWebDriver
	at org.openqa.selenium.remote.ErrorHandler.throwIfResponseFailed(ErrorHandler.java:138)
	... 32 more
Caused by: org.openqa.selenium.NoSuchElementException: Unable to locate element: {"method":"css selector","selector":"div.one-whole a.maia-button.button-download.mobile-is-hidden.get-started.go-to-drive"}
For documentation on this error, please visit: http://seleniumhq.org/exceptions/no_such_element.html
Build info: version: '2.46.0', revision: '87c69e2', time: '2015-06-04 16:16:47'
System info: host: 'SRAJU', ip: '127.0.0.1', os.name: 'Windows 8.1', os.arch: 'amd64', os.version: '6.3', java.version: '1.8.0_71'
Driver info: driver.version: unknown
For documentation on this error, please visit: http://seleniumhq.org/exceptions/no_such_element.html
Build info: version: '2.49.1', revision: '808c23b0963853d375cbe54b90bbd052e2528a54', time: '2016-01-21 09:37:52'
System info: host: 'SRAJU', ip: '127.0.0.1', os.name: 'Windows 8.1', os.arch: 'amd64', os.version: '6.3', java.version: '1.8.0_71'
Driver info: driver.version: unknown
	at <anonymous class>.FirefoxDriver.prototype.findElementInternal_(file:///C:/Users/BSRAJU/AppData/Local/Temp/anonymous3346351155604930803webdriver-profile/extensions/fxdriver@googlecode.com/components/driver-component.js:10299)
	at <anonymous class>.FirefoxDriver.prototype.findElement(file:///C:/Users/BSRAJU/AppData/Local/Temp/anonymous3346351155604930803webdriver-profile/extensions/fxdriver@googlecode.com/components/driver-component.js:10308)
	at <anonymous class>.DelayedCommand.prototype.executeInternal_/h(file:///C:/Users/BSRAJU/AppData/Local/Temp/anonymous3346351155604930803webdriver-profile/extensions/fxdriver@googlecode.com/components/command-processor.js:12282)
	at <anonymous class>.DelayedCommand.prototype.executeInternal_(file:///C:/Users/BSRAJU/AppData/Local/Temp/anonymous3346351155604930803webdriver-profile/extensions/fxdriver@googlecode.com/components/command-processor.js:12287)
	at <anonymous class>.DelayedCommand.prototype.execute/<(file:///C:/Users/BSRAJU/AppData/Local/Temp/anonymous3346351155604930803webdriver-profile/extensions/fxdriver@googlecode.com/components/command-processor.js:12229)
]]>
            </full-stacktrace>
          </exception> <!-- org.openqa.selenium.NoSuchElementException -->
          <reporter-output>
          </reporter-output>
        </test-method> <!-- UploadFileInDesktopGoogleDriveAndCheckFileGetsSyncedToTheGoogleDriveWebsite -->
        <test-method status="PASS" signature="GridCaps(java.lang.String, java.lang.String)[pri:0, instance:googledrive.GoogleDriveScenarios@506e6d5e]" name="GridCaps" is-config="true" duration-ms="36574" started-at="2016-02-05T14:31:45Z" finished-at="2016-02-05T14:32:21Z">
          <params>
            <param index="0">
              <value>
                <![CDATA[FF]]>
              </value>
            </param>
            <param index="1">
              <value>
                <![CDATA[MAC]]>
              </value>
            </param>
          </params>
          <reporter-output>
          </reporter-output>
        </test-method> <!-- GridCaps -->
        <test-method status="PASS" signature="RenameUploadFileInDekstopGoogleDrivAndCheckFileGetsSyncedToTheGoogleDriveWebsite()[pri:0, instance:googledrive.GoogleDriveScenarios@506e6d5e]" name="RenameUploadFileInDekstopGoogleDrivAndCheckFileGetsSyncedToTheGoogleDriveWebsite" duration-ms="1" started-at="2016-02-05T14:32:21Z" finished-at="2016-02-05T14:32:21Z">
          <reporter-output>
          </reporter-output>
        </test-method> <!-- RenameUploadFileInDekstopGoogleDrivAndCheckFileGetsSyncedToTheGoogleDriveWebsite -->
        <test-method status="PASS" signature="GridCaps(java.lang.String, java.lang.String)[pri:0, instance:googledrive.GoogleDriveScenarios@506e6d5e]" name="GridCaps" is-config="true" duration-ms="36367" started-at="2016-02-05T14:32:21Z" finished-at="2016-02-05T14:32:58Z">
          <params>
            <param index="0">
              <value>
                <![CDATA[FF]]>
              </value>
            </param>
            <param index="1">
              <value>
                <![CDATA[MAC]]>
              </value>
            </param>
          </params>
          <reporter-output>
          </reporter-output>
        </test-method> <!-- GridCaps -->
        <test-method status="FAIL" signature="CloseBrowserWhileUploadingFileFromGoogleDrive()[pri:0, instance:googledrive.GoogleDriveScenarios@506e6d5e]" name="CloseBrowserWhileUploadingFileFromGoogleDrive" duration-ms="1646" started-at="2016-02-05T14:32:58Z" finished-at="2016-02-05T14:32:59Z">
          <exception class="org.openqa.selenium.NoSuchElementException">
            <message>
              <![CDATA[Unable to locate element: {"method":"css selector","selector":"div.one-whole a.maia-button.button-download.mobile-is-hidden.get-started.go-to-drive"}
For documentation on this error, please visit: http://seleniumhq.org/exceptions/no_such_element.html
Build info: version: '2.46.0', revision: '87c69e2', time: '2015-06-04 16:16:47'
System info: host: 'SRAJU', ip: '127.0.0.1', os.name: 'Windows 8.1', os.arch: 'amd64', os.version: '6.3', java.version: '1.8.0_71'
Driver info: driver.version: unknown
Command duration or timeout: 195 milliseconds
For documentation on this error, please visit: http://seleniumhq.org/exceptions/no_such_element.html
Build info: version: '2.49.1', revision: '808c23b0963853d375cbe54b90bbd052e2528a54', time: '2016-01-21 09:37:52'
System info: host: 'SRAJU', ip: '127.0.0.1', os.name: 'Windows 8.1', os.arch: 'amd64', os.version: '6.3', java.version: '1.8.0_71'
Driver info: org.openqa.selenium.remote.RemoteWebDriver
Capabilities [{applicationCacheEnabled=true, rotatable=false, handlesAlerts=true, databaseEnabled=true, version=24.0, platform=WINDOWS, browserConnectionEnabled=true, nativeEvents=true, acceptSslCerts=true, webdriver.remote.sessionid=51c96e0a-778a-4491-b449-a80206fe975c, webStorageEnabled=true, locationContextEnabled=true, browserName=firefox, takesScreenshot=true, javascriptEnabled=true, cssSelectorsEnabled=true}]
Session ID: 51c96e0a-778a-4491-b449-a80206fe975c
*** Element info: {Using=css selector, value=div.one-whole a.maia-button.button-download.mobile-is-hidden.get-started.go-to-drive}]]>
            </message>
            <full-stacktrace>
              <![CDATA[org.openqa.selenium.NoSuchElementException: Unable to locate element: {"method":"css selector","selector":"div.one-whole a.maia-button.button-download.mobile-is-hidden.get-started.go-to-drive"}
For documentation on this error, please visit: http://seleniumhq.org/exceptions/no_such_element.html
Build info: version: '2.46.0', revision: '87c69e2', time: '2015-06-04 16:16:47'
System info: host: 'SRAJU', ip: '127.0.0.1', os.name: 'Windows 8.1', os.arch: 'amd64', os.version: '6.3', java.version: '1.8.0_71'
Driver info: driver.version: unknown
Command duration or timeout: 195 milliseconds
For documentation on this error, please visit: http://seleniumhq.org/exceptions/no_such_element.html
Build info: version: '2.49.1', revision: '808c23b0963853d375cbe54b90bbd052e2528a54', time: '2016-01-21 09:37:52'
System info: host: 'SRAJU', ip: '127.0.0.1', os.name: 'Windows 8.1', os.arch: 'amd64', os.version: '6.3', java.version: '1.8.0_71'
Driver info: org.openqa.selenium.remote.RemoteWebDriver
Capabilities [{applicationCacheEnabled=true, rotatable=false, handlesAlerts=true, databaseEnabled=true, version=24.0, platform=WINDOWS, browserConnectionEnabled=true, nativeEvents=true, acceptSslCerts=true, webdriver.remote.sessionid=51c96e0a-778a-4491-b449-a80206fe975c, webStorageEnabled=true, locationContextEnabled=true, browserName=firefox, takesScreenshot=true, javascriptEnabled=true, cssSelectorsEnabled=true}]
Session ID: 51c96e0a-778a-4491-b449-a80206fe975c
*** Element info: {Using=css selector, value=div.one-whole a.maia-button.button-download.mobile-is-hidden.get-started.go-to-drive}
	at sun.reflect.NativeConstructorAccessorImpl.newInstance0(Native Method)
	at sun.reflect.NativeConstructorAccessorImpl.newInstance(NativeConstructorAccessorImpl.java:62)
	at sun.reflect.DelegatingConstructorAccessorImpl.newInstance(DelegatingConstructorAccessorImpl.java:45)
	at java.lang.reflect.Constructor.newInstance(Constructor.java:422)
	at org.openqa.selenium.remote.ErrorHandler.createThrowable(ErrorHandler.java:206)
	at org.openqa.selenium.remote.ErrorHandler.throwIfResponseFailed(ErrorHandler.java:158)
	at org.openqa.selenium.remote.RemoteWebDriver.execute(RemoteWebDriver.java:678)
	at org.openqa.selenium.remote.RemoteWebDriver.findElement(RemoteWebDriver.java:363)
	at org.openqa.selenium.remote.RemoteWebDriver.findElementByCssSelector(RemoteWebDriver.java:492)
	at org.openqa.selenium.By$ByCssSelector.findElement(By.java:430)
	at org.openqa.selenium.remote.RemoteWebDriver.findElement(RemoteWebDriver.java:355)
	at googledrive.GoogleDriveScenarios.Login(GoogleDriveScenarios.java:266)
	at googledrive.GoogleDriveScenarios.CloseBrowserWhileUploadingFileFromGoogleDrive(GoogleDriveScenarios.java:210)
	at sun.reflect.NativeMethodAccessorImpl.invoke0(Native Method)
	at sun.reflect.NativeMethodAccessorImpl.invoke(NativeMethodAccessorImpl.java:62)
	at sun.reflect.DelegatingMethodAccessorImpl.invoke(DelegatingMethodAccessorImpl.java:43)
	at java.lang.reflect.Method.invoke(Method.java:497)
	at org.testng.internal.MethodInvocationHelper.invokeMethod(MethodInvocationHelper.java:80)
	at org.testng.internal.Invoker.invokeMethod(Invoker.java:714)
	at org.testng.internal.Invoker.invokeTestMethod(Invoker.java:901)
	at org.testng.internal.Invoker.invokeTestMethods(Invoker.java:1231)
	at org.testng.internal.TestMethodWorker.invokeTestMethods(TestMethodWorker.java:127)
	at org.testng.internal.TestMethodWorker.run(TestMethodWorker.java:111)
	at org.testng.TestRunner.privateRun(TestRunner.java:767)
	at org.testng.TestRunner.run(TestRunner.java:617)
	at org.testng.SuiteRunner.runTest(SuiteRunner.java:334)
	at org.testng.SuiteRunner.runSequentially(SuiteRunner.java:329)
	at org.testng.SuiteRunner.privateRun(SuiteRunner.java:291)
	at org.testng.SuiteRunner.run(SuiteRunner.java:240)
	at org.testng.SuiteRunnerWorker.runSuite(SuiteRunnerWorker.java:52)
	at org.testng.SuiteRunnerWorker.run(SuiteRunnerWorker.java:86)
	at org.testng.TestNG.runSuitesSequentially(TestNG.java:1198)
	at org.testng.TestNG.runSuitesLocally(TestNG.java:1123)
	at org.testng.TestNG.run(TestNG.java:1031)
	at org.testng.remote.RemoteTestNG.run(RemoteTestNG.java:115)
	at org.testng.remote.RemoteTestNG.initAndRun(RemoteTestNG.java:207)
	at org.testng.remote.RemoteTestNG.main(RemoteTestNG.java:178)
Caused by: org.openqa.selenium.remote.ScreenshotException: Screen shot has been taken
Build info: version: '2.49.1', revision: '808c23b0963853d375cbe54b90bbd052e2528a54', time: '2016-01-21 09:37:52'
System info: host: 'SRAJU', ip: '127.0.0.1', os.name: 'Windows 8.1', os.arch: 'amd64', os.version: '6.3', java.version: '1.8.0_71'
Driver info: driver.version: RemoteWebDriver
	at org.openqa.selenium.remote.ErrorHandler.throwIfResponseFailed(ErrorHandler.java:138)
	... 31 more
Caused by: org.openqa.selenium.NoSuchElementException: Unable to locate element: {"method":"css selector","selector":"div.one-whole a.maia-button.button-download.mobile-is-hidden.get-started.go-to-drive"}
For documentation on this error, please visit: http://seleniumhq.org/exceptions/no_such_element.html
Build info: version: '2.46.0', revision: '87c69e2', time: '2015-06-04 16:16:47'
System info: host: 'SRAJU', ip: '127.0.0.1', os.name: 'Windows 8.1', os.arch: 'amd64', os.version: '6.3', java.version: '1.8.0_71'
Driver info: driver.version: unknown
For documentation on this error, please visit: http://seleniumhq.org/exceptions/no_such_element.html
Build info: version: '2.49.1', revision: '808c23b0963853d375cbe54b90bbd052e2528a54', time: '2016-01-21 09:37:52'
System info: host: 'SRAJU', ip: '127.0.0.1', os.name: 'Windows 8.1', os.arch: 'amd64', os.version: '6.3', java.version: '1.8.0_71'
Driver info: driver.version: unknown
	at <anonymous class>.FirefoxDriver.prototype.findElementInternal_(file:///C:/Users/BSRAJU/AppData/Local/Temp/anonymous5310298206613417190webdriver-profile/extensions/fxdriver@googlecode.com/components/driver-component.js:10299)
	at <anonymous class>.FirefoxDriver.prototype.findElement(file:///C:/Users/BSRAJU/AppData/Local/Temp/anonymous5310298206613417190webdriver-profile/extensions/fxdriver@googlecode.com/components/driver-component.js:10308)
	at <anonymous class>.DelayedCommand.prototype.executeInternal_/h(file:///C:/Users/BSRAJU/AppData/Local/Temp/anonymous5310298206613417190webdriver-profile/extensions/fxdriver@googlecode.com/components/command-processor.js:12282)
	at <anonymous class>.DelayedCommand.prototype.executeInternal_(file:///C:/Users/BSRAJU/AppData/Local/Temp/anonymous5310298206613417190webdriver-profile/extensions/fxdriver@googlecode.com/components/command-processor.js:12287)
	at <anonymous class>.DelayedCommand.prototype.execute/<(file:///C:/Users/BSRAJU/AppData/Local/Temp/anonymous5310298206613417190webdriver-profile/extensions/fxdriver@googlecode.com/components/command-processor.js:12229)
]]>
            </full-stacktrace>
          </exception> <!-- org.openqa.selenium.NoSuchElementException -->
          <reporter-output>
          </reporter-output>
        </test-method> <!-- CloseBrowserWhileUploadingFileFromGoogleDrive -->
        <test-method status="PASS" signature="GridCaps(java.lang.String, java.lang.String)[pri:0, instance:googledrive.GoogleDriveScenarios@506e6d5e]" name="GridCaps" is-config="true" duration-ms="37763" started-at="2016-02-05T14:32:59Z" finished-at="2016-02-05T14:33:37Z">
          <params>
            <param index="0">
              <value>
                <![CDATA[FF]]>
              </value>
            </param>
            <param index="1">
              <value>
                <![CDATA[MAC]]>
              </value>
            </param>
          </params>
          <reporter-output>
          </reporter-output>
        </test-method> <!-- GridCaps -->
        <test-method status="FAIL" signature="GoogleDriveUploadImageWhenInternetIsOff()[pri:0, instance:googledrive.GoogleDriveScenarios@506e6d5e]" name="GoogleDriveUploadImageWhenInternetIsOff" duration-ms="1806" started-at="2016-02-05T14:33:37Z" finished-at="2016-02-05T14:33:39Z">
          <exception class="org.openqa.selenium.NoSuchElementException">
            <message>
              <![CDATA[Unable to locate element: {"method":"css selector","selector":"div.one-whole a.maia-button.button-download.mobile-is-hidden.get-started.go-to-drive"}
For documentation on this error, please visit: http://seleniumhq.org/exceptions/no_such_element.html
Build info: version: '2.46.0', revision: '87c69e2', time: '2015-06-04 16:16:47'
System info: host: 'SRAJU', ip: '127.0.0.1', os.name: 'Windows 8.1', os.arch: 'amd64', os.version: '6.3', java.version: '1.8.0_71'
Driver info: driver.version: unknown
Command duration or timeout: 190 milliseconds
For documentation on this error, please visit: http://seleniumhq.org/exceptions/no_such_element.html
Build info: version: '2.49.1', revision: '808c23b0963853d375cbe54b90bbd052e2528a54', time: '2016-01-21 09:37:52'
System info: host: 'SRAJU', ip: '127.0.0.1', os.name: 'Windows 8.1', os.arch: 'amd64', os.version: '6.3', java.version: '1.8.0_71'
Driver info: org.openqa.selenium.remote.RemoteWebDriver
Capabilities [{applicationCacheEnabled=true, rotatable=false, handlesAlerts=true, databaseEnabled=true, version=24.0, platform=WINDOWS, browserConnectionEnabled=true, nativeEvents=true, acceptSslCerts=true, webdriver.remote.sessionid=d51852e3-fc4c-401a-9ed3-2722600f18a3, webStorageEnabled=true, locationContextEnabled=true, browserName=firefox, takesScreenshot=true, javascriptEnabled=true, cssSelectorsEnabled=true}]
Session ID: d51852e3-fc4c-401a-9ed3-2722600f18a3
*** Element info: {Using=css selector, value=div.one-whole a.maia-button.button-download.mobile-is-hidden.get-started.go-to-drive}]]>
            </message>
            <full-stacktrace>
              <![CDATA[org.openqa.selenium.NoSuchElementException: Unable to locate element: {"method":"css selector","selector":"div.one-whole a.maia-button.button-download.mobile-is-hidden.get-started.go-to-drive"}
For documentation on this error, please visit: http://seleniumhq.org/exceptions/no_such_element.html
Build info: version: '2.46.0', revision: '87c69e2', time: '2015-06-04 16:16:47'
System info: host: 'SRAJU', ip: '127.0.0.1', os.name: 'Windows 8.1', os.arch: 'amd64', os.version: '6.3', java.version: '1.8.0_71'
Driver info: driver.version: unknown
Command duration or timeout: 190 milliseconds
For documentation on this error, please visit: http://seleniumhq.org/exceptions/no_such_element.html
Build info: version: '2.49.1', revision: '808c23b0963853d375cbe54b90bbd052e2528a54', time: '2016-01-21 09:37:52'
System info: host: 'SRAJU', ip: '127.0.0.1', os.name: 'Windows 8.1', os.arch: 'amd64', os.version: '6.3', java.version: '1.8.0_71'
Driver info: org.openqa.selenium.remote.RemoteWebDriver
Capabilities [{applicationCacheEnabled=true, rotatable=false, handlesAlerts=true, databaseEnabled=true, version=24.0, platform=WINDOWS, browserConnectionEnabled=true, nativeEvents=true, acceptSslCerts=true, webdriver.remote.sessionid=d51852e3-fc4c-401a-9ed3-2722600f18a3, webStorageEnabled=true, locationContextEnabled=true, browserName=firefox, takesScreenshot=true, javascriptEnabled=true, cssSelectorsEnabled=true}]
Session ID: d51852e3-fc4c-401a-9ed3-2722600f18a3
*** Element info: {Using=css selector, value=div.one-whole a.maia-button.button-download.mobile-is-hidden.get-started.go-to-drive}
	at sun.reflect.NativeConstructorAccessorImpl.newInstance0(Native Method)
	at sun.reflect.NativeConstructorAccessorImpl.newInstance(NativeConstructorAccessorImpl.java:62)
	at sun.reflect.DelegatingConstructorAccessorImpl.newInstance(DelegatingConstructorAccessorImpl.java:45)
	at java.lang.reflect.Constructor.newInstance(Constructor.java:422)
	at org.openqa.selenium.remote.ErrorHandler.createThrowable(ErrorHandler.java:206)
	at org.openqa.selenium.remote.ErrorHandler.throwIfResponseFailed(ErrorHandler.java:158)
	at org.openqa.selenium.remote.RemoteWebDriver.execute(RemoteWebDriver.java:678)
	at org.openqa.selenium.remote.RemoteWebDriver.findElement(RemoteWebDriver.java:363)
	at org.openqa.selenium.remote.RemoteWebDriver.findElementByCssSelector(RemoteWebDriver.java:492)
	at org.openqa.selenium.By$ByCssSelector.findElement(By.java:430)
	at org.openqa.selenium.remote.RemoteWebDriver.findElement(RemoteWebDriver.java:355)
	at googledrive.GoogleDriveScenarios.Login(GoogleDriveScenarios.java:266)
	at googledrive.GoogleDriveScenarios.GoogleDriveUploadImageWhenInternetIsOff(GoogleDriveScenarios.java:155)
	at sun.reflect.NativeMethodAccessorImpl.invoke0(Native Method)
	at sun.reflect.NativeMethodAccessorImpl.invoke(NativeMethodAccessorImpl.java:62)
	at sun.reflect.DelegatingMethodAccessorImpl.invoke(DelegatingMethodAccessorImpl.java:43)
	at java.lang.reflect.Method.invoke(Method.java:497)
	at org.testng.internal.MethodInvocationHelper.invokeMethod(MethodInvocationHelper.java:80)
	at org.testng.internal.Invoker.invokeMethod(Invoker.java:714)
	at org.testng.internal.Invoker.invokeTestMethod(Invoker.java:901)
	at org.testng.internal.Invoker.invokeTestMethods(Invoker.java:1231)
	at org.testng.internal.TestMethodWorker.invokeTestMethods(TestMethodWorker.java:127)
	at org.testng.internal.TestMethodWorker.run(TestMethodWorker.java:111)
	at org.testng.TestRunner.privateRun(TestRunner.java:767)
	at org.testng.TestRunner.run(TestRunner.java:617)
	at org.testng.SuiteRunner.runTest(SuiteRunner.java:334)
	at org.testng.SuiteRunner.runSequentially(SuiteRunner.java:329)
	at org.testng.SuiteRunner.privateRun(SuiteRunner.java:291)
	at org.testng.SuiteRunner.run(SuiteRunner.java:240)
	at org.testng.SuiteRunnerWorker.runSuite(SuiteRunnerWorker.java:52)
	at org.testng.SuiteRunnerWorker.run(SuiteRunnerWorker.java:86)
	at org.testng.TestNG.runSuitesSequentially(TestNG.java:1198)
	at org.testng.TestNG.runSuitesLocally(TestNG.java:1123)
	at org.testng.TestNG.run(TestNG.java:1031)
	at org.testng.remote.RemoteTestNG.run(RemoteTestNG.java:115)
	at org.testng.remote.RemoteTestNG.initAndRun(RemoteTestNG.java:207)
	at org.testng.remote.RemoteTestNG.main(RemoteTestNG.java:178)
Caused by: org.openqa.selenium.remote.ScreenshotException: Screen shot has been taken
Build info: version: '2.49.1', revision: '808c23b0963853d375cbe54b90bbd052e2528a54', time: '2016-01-21 09:37:52'
System info: host: 'SRAJU', ip: '127.0.0.1', os.name: 'Windows 8.1', os.arch: 'amd64', os.version: '6.3', java.version: '1.8.0_71'
Driver info: driver.version: RemoteWebDriver
	at org.openqa.selenium.remote.ErrorHandler.throwIfResponseFailed(ErrorHandler.java:138)
	... 31 more
Caused by: org.openqa.selenium.NoSuchElementException: Unable to locate element: {"method":"css selector","selector":"div.one-whole a.maia-button.button-download.mobile-is-hidden.get-started.go-to-drive"}
For documentation on this error, please visit: http://seleniumhq.org/exceptions/no_such_element.html
Build info: version: '2.46.0', revision: '87c69e2', time: '2015-06-04 16:16:47'
System info: host: 'SRAJU', ip: '127.0.0.1', os.name: 'Windows 8.1', os.arch: 'amd64', os.version: '6.3', java.version: '1.8.0_71'
Driver info: driver.version: unknown
For documentation on this error, please visit: http://seleniumhq.org/exceptions/no_such_element.html
Build info: version: '2.49.1', revision: '808c23b0963853d375cbe54b90bbd052e2528a54', time: '2016-01-21 09:37:52'
System info: host: 'SRAJU', ip: '127.0.0.1', os.name: 'Windows 8.1', os.arch: 'amd64', os.version: '6.3', java.version: '1.8.0_71'
Driver info: driver.version: unknown
	at <anonymous class>.FirefoxDriver.prototype.findElementInternal_(file:///C:/Users/BSRAJU/AppData/Local/Temp/anonymous12140620071294194webdriver-profile/extensions/fxdriver@googlecode.com/components/driver-component.js:10299)
	at <anonymous class>.FirefoxDriver.prototype.findElement(file:///C:/Users/BSRAJU/AppData/Local/Temp/anonymous12140620071294194webdriver-profile/extensions/fxdriver@googlecode.com/components/driver-component.js:10308)
	at <anonymous class>.DelayedCommand.prototype.executeInternal_/h(file:///C:/Users/BSRAJU/AppData/Local/Temp/anonymous12140620071294194webdriver-profile/extensions/fxdriver@googlecode.com/components/command-processor.js:12282)
	at <anonymous class>.DelayedCommand.prototype.executeInternal_(file:///C:/Users/BSRAJU/AppData/Local/Temp/anonymous12140620071294194webdriver-profile/extensions/fxdriver@googlecode.com/components/command-processor.js:12287)
	at <anonymous class>.DelayedCommand.prototype.execute/<(file:///C:/Users/BSRAJU/AppData/Local/Temp/anonymous12140620071294194webdriver-profile/extensions/fxdriver@googlecode.com/components/command-processor.js:12229)
]]>
            </full-stacktrace>
          </exception> <!-- org.openqa.selenium.NoSuchElementException -->
          <reporter-output>
          </reporter-output>
        </test-method> <!-- GoogleDriveUploadImageWhenInternetIsOff -->
      </class> <!-- googledrive.GoogleDriveScenarios -->
    </test> <!-- GRID TEST WITH BROWSER FF ON MAC -->
    <test name="GRID TEST WITH BROWSER FF ON LINUX" duration-ms="10034" started-at="2016-02-05T09:03:39Z" finished-at="2016-02-05T09:03:49Z">
      <class name="googledrive.GoogleDriveScenarios">
        <test-method status="FAIL" signature="GridCaps(java.lang.String, java.lang.String)[pri:0, instance:googledrive.GoogleDriveScenarios@35f983a6]" name="GridCaps" is-config="true" duration-ms="0" started-at="2016-02-05T14:33:39Z" finished-at="2016-02-05T14:33:39Z">
          <params>
            <param index="0">
              <value>
                <![CDATA[FF]]>
              </value>
            </param>
            <param index="1">
              <value>
                <![CDATA[LINUX]]>
              </value>
            </param>
          </params>
          <exception class="org.openqa.selenium.WebDriverException">
            <message>
              <![CDATA[Error forwarding the new session cannot find : Capabilities [{browserName=firefox, version=, platform=LINUX}]
Command duration or timeout: 12 milliseconds
Build info: version: '2.49.1', revision: '808c23b0963853d375cbe54b90bbd052e2528a54', time: '2016-01-21 09:37:52'
System info: host: 'SRAJU', ip: '127.0.0.1', os.name: 'Windows 8.1', os.arch: 'amd64', os.version: '6.3', java.version: '1.8.0_71'
Driver info: org.openqa.selenium.remote.RemoteWebDriver]]>
            </message>
            <full-stacktrace>
              <![CDATA[org.openqa.selenium.WebDriverException: Error forwarding the new session cannot find : Capabilities [{browserName=firefox, version=, platform=LINUX}]
Command duration or timeout: 12 milliseconds
Build info: version: '2.49.1', revision: '808c23b0963853d375cbe54b90bbd052e2528a54', time: '2016-01-21 09:37:52'
System info: host: 'SRAJU', ip: '127.0.0.1', os.name: 'Windows 8.1', os.arch: 'amd64', os.version: '6.3', java.version: '1.8.0_71'
Driver info: org.openqa.selenium.remote.RemoteWebDriver
	at sun.reflect.NativeConstructorAccessorImpl.newInstance0(Native Method)
	at sun.reflect.NativeConstructorAccessorImpl.newInstance(NativeConstructorAccessorImpl.java:62)
	at sun.reflect.DelegatingConstructorAccessorImpl.newInstance(DelegatingConstructorAccessorImpl.java:45)
	at java.lang.reflect.Constructor.newInstance(Constructor.java:422)
	at org.openqa.selenium.remote.ErrorHandler.createThrowable(ErrorHandler.java:206)
	at org.openqa.selenium.remote.ErrorHandler.throwIfResponseFailed(ErrorHandler.java:158)
	at org.openqa.selenium.remote.RemoteWebDriver.execute(RemoteWebDriver.java:678)
	at org.openqa.selenium.remote.RemoteWebDriver.startSession(RemoteWebDriver.java:249)
	at org.openqa.selenium.remote.RemoteWebDriver.<init>(RemoteWebDriver.java:131)
	at org.openqa.selenium.remote.RemoteWebDriver.<init>(RemoteWebDriver.java:158)
	at googledrive.GoogleDriveScenarios.GridCaps(GoogleDriveScenarios.java:91)
	at sun.reflect.GeneratedMethodAccessor1.invoke(Unknown Source)
	at sun.reflect.DelegatingMethodAccessorImpl.invoke(DelegatingMethodAccessorImpl.java:43)
	at java.lang.reflect.Method.invoke(Method.java:497)
	at org.testng.internal.MethodInvocationHelper.invokeMethod(MethodInvocationHelper.java:80)
	at org.testng.internal.Invoker.invokeConfigurationMethod(Invoker.java:564)
	at org.testng.internal.Invoker.invokeConfigurations(Invoker.java:213)
	at org.testng.internal.Invoker.invokeMethod(Invoker.java:653)
	at org.testng.internal.Invoker.invokeTestMethod(Invoker.java:901)
	at org.testng.internal.Invoker.invokeTestMethods(Invoker.java:1231)
	at org.testng.internal.TestMethodWorker.invokeTestMethods(TestMethodWorker.java:127)
	at org.testng.internal.TestMethodWorker.run(TestMethodWorker.java:111)
	at org.testng.TestRunner.privateRun(TestRunner.java:767)
	at org.testng.TestRunner.run(TestRunner.java:617)
	at org.testng.SuiteRunner.runTest(SuiteRunner.java:334)
	at org.testng.SuiteRunner.runSequentially(SuiteRunner.java:329)
	at org.testng.SuiteRunner.privateRun(SuiteRunner.java:291)
	at org.testng.SuiteRunner.run(SuiteRunner.java:240)
	at org.testng.SuiteRunnerWorker.runSuite(SuiteRunnerWorker.java:52)
	at org.testng.SuiteRunnerWorker.run(SuiteRunnerWorker.java:86)
	at org.testng.TestNG.runSuitesSequentially(TestNG.java:1198)
	at org.testng.TestNG.runSuitesLocally(TestNG.java:1123)
	at org.testng.TestNG.run(TestNG.java:1031)
	at org.testng.remote.RemoteTestNG.run(RemoteTestNG.java:115)
	at org.testng.remote.RemoteTestNG.initAndRun(RemoteTestNG.java:207)
	at org.testng.remote.RemoteTestNG.main(RemoteTestNG.java:178)
Caused by: org.openqa.selenium.WebDriverException: Error forwarding the new session cannot find : Capabilities [{browserName=firefox, version=, platform=LINUX}]
Build info: version: '2.49.1', revision: '808c23b0963853d375cbe54b90bbd052e2528a54', time: '2016-01-21 09:37:52'
System info: host: 'SRAJU', ip: '127.0.0.1', os.name: 'Windows 8.1', os.arch: 'amd64', os.version: '6.3', java.version: '1.8.0_71'
Driver info: driver.version: unknown
	at org.openqa.grid.web.servlet.handler.RequestHandler.process(RequestHandler.java:114)
	at org.openqa.grid.web.servlet.DriverServlet.process(DriverServlet.java:83)
	at org.openqa.grid.web.servlet.DriverServlet.doPost(DriverServlet.java:67)
	at javax.servlet.http.HttpServlet.service(HttpServlet.java:727)
	at javax.servlet.http.HttpServlet.service(HttpServlet.java:820)
	at org.seleniumhq.jetty7.servlet.ServletHolder.handle(ServletHolder.java:565)
	at org.seleniumhq.jetty7.servlet.ServletHandler.doHandle(ServletHandler.java:479)
	at org.seleniumhq.jetty7.server.session.SessionHandler.doHandle(SessionHandler.java:225)
	at org.seleniumhq.jetty7.server.handler.ContextHandler.doHandle(ContextHandler.java:1031)
	at org.seleniumhq.jetty7.servlet.ServletHandler.doScope(ServletHandler.java:406)
	at org.seleniumhq.jetty7.server.session.SessionHandler.doScope(SessionHandler.java:186)
	at org.seleniumhq.jetty7.server.handler.ContextHandler.doScope(ContextHandler.java:965)
	at org.seleniumhq.jetty7.server.handler.ScopedHandler.handle(ScopedHandler.java:117)
	at org.seleniumhq.jetty7.server.handler.HandlerWrapper.handle(HandlerWrapper.java:111)
	at org.seleniumhq.jetty7.server.Server.handle(Server.java:349)
	at org.seleniumhq.jetty7.server.AbstractHttpConnection.handleRequest(AbstractHttpConnection.java:452)
	at org.seleniumhq.jetty7.server.BlockingHttpConnection.handleRequest(BlockingHttpConnection.java:47)
	at org.seleniumhq.jetty7.server.AbstractHttpConnection.content(AbstractHttpConnection.java:894)
	at org.seleniumhq.jetty7.server.AbstractHttpConnection$RequestHandler.content(AbstractHttpConnection.java:948)
	at org.seleniumhq.jetty7.http.HttpParser.parseNext(HttpParser.java:857)
	at org.seleniumhq.jetty7.http.HttpParser.parseAvailable(HttpParser.java:235)
	at org.seleniumhq.jetty7.server.BlockingHttpConnection.handle(BlockingHttpConnection.java:66)
	at org.seleniumhq.jetty7.server.bio.SocketConnector$ConnectorEndPoint.run(SocketConnector.java:254)
	at org.seleniumhq.jetty7.util.thread.QueuedThreadPool.runJob(QueuedThreadPool.java:599)
	at org.seleniumhq.jetty7.util.thread.QueuedThreadPool$3.run(QueuedThreadPool.java:534)
	at java.lang.Thread.run(Unknown Source)
]]>
            </full-stacktrace>
          </exception> <!-- org.openqa.selenium.WebDriverException -->
          <reporter-output>
          </reporter-output>
        </test-method> <!-- GridCaps -->
        <test-method status="SKIP" signature="GoogleDriveNegativeScenarioLoginFirstCase()[pri:0, instance:googledrive.GoogleDriveScenarios@35f983a6]" name="GoogleDriveNegativeScenarioLoginFirstCase" duration-ms="1" started-at="2016-02-05T14:33:49Z" finished-at="2016-02-05T14:33:49Z">
          <reporter-output>
          </reporter-output>
        </test-method> <!-- GoogleDriveNegativeScenarioLoginFirstCase -->
        <test-method status="SKIP" signature="GridCaps(java.lang.String, java.lang.String)[pri:0, instance:googledrive.GoogleDriveScenarios@35f983a6]" name="GridCaps" is-config="true" duration-ms="0" started-at="2016-02-05T14:33:49Z" finished-at="2016-02-05T14:33:49Z">
          <reporter-output>
          </reporter-output>
        </test-method> <!-- GridCaps -->
        <test-method status="SKIP" signature="UploadImageInDesktopGoogleDriveAndCheckFileGetsSyncedToTheGoogleDriveWebsite()[pri:0, instance:googledrive.GoogleDriveScenarios@35f983a6]" name="UploadImageInDesktopGoogleDriveAndCheckFileGetsSyncedToTheGoogleDriveWebsite" duration-ms="1" started-at="2016-02-05T14:33:49Z" finished-at="2016-02-05T14:33:49Z">
          <reporter-output>
          </reporter-output>
        </test-method> <!-- UploadImageInDesktopGoogleDriveAndCheckFileGetsSyncedToTheGoogleDriveWebsite -->
        <test-method status="SKIP" signature="GridCaps(java.lang.String, java.lang.String)[pri:0, instance:googledrive.GoogleDriveScenarios@35f983a6]" name="GridCaps" is-config="true" duration-ms="0" started-at="2016-02-05T14:33:49Z" finished-at="2016-02-05T14:33:49Z">
          <reporter-output>
          </reporter-output>
        </test-method> <!-- GridCaps -->
        <test-method status="SKIP" signature="UploadFileInDesktopGoogleDriveAndCheckFileGetsSyncedToTheGoogleDriveWebsite()[pri:0, instance:googledrive.GoogleDriveScenarios@35f983a6]" name="UploadFileInDesktopGoogleDriveAndCheckFileGetsSyncedToTheGoogleDriveWebsite" duration-ms="1" started-at="2016-02-05T14:33:49Z" finished-at="2016-02-05T14:33:49Z">
          <reporter-output>
          </reporter-output>
        </test-method> <!-- UploadFileInDesktopGoogleDriveAndCheckFileGetsSyncedToTheGoogleDriveWebsite -->
        <test-method status="SKIP" signature="GridCaps(java.lang.String, java.lang.String)[pri:0, instance:googledrive.GoogleDriveScenarios@35f983a6]" name="GridCaps" is-config="true" duration-ms="0" started-at="2016-02-05T14:33:49Z" finished-at="2016-02-05T14:33:49Z">
          <reporter-output>
          </reporter-output>
        </test-method> <!-- GridCaps -->
        <test-method status="SKIP" signature="RenameUploadFileInDekstopGoogleDrivAndCheckFileGetsSyncedToTheGoogleDriveWebsite()[pri:0, instance:googledrive.GoogleDriveScenarios@35f983a6]" name="RenameUploadFileInDekstopGoogleDrivAndCheckFileGetsSyncedToTheGoogleDriveWebsite" duration-ms="1" started-at="2016-02-05T14:33:49Z" finished-at="2016-02-05T14:33:49Z">
          <reporter-output>
          </reporter-output>
        </test-method> <!-- RenameUploadFileInDekstopGoogleDrivAndCheckFileGetsSyncedToTheGoogleDriveWebsite -->
        <test-method status="SKIP" signature="GridCaps(java.lang.String, java.lang.String)[pri:0, instance:googledrive.GoogleDriveScenarios@35f983a6]" name="GridCaps" is-config="true" duration-ms="0" started-at="2016-02-05T14:33:49Z" finished-at="2016-02-05T14:33:49Z">
          <reporter-output>
          </reporter-output>
        </test-method> <!-- GridCaps -->
        <test-method status="SKIP" signature="CloseBrowserWhileUploadingFileFromGoogleDrive()[pri:0, instance:googledrive.GoogleDriveScenarios@35f983a6]" name="CloseBrowserWhileUploadingFileFromGoogleDrive" duration-ms="0" started-at="2016-02-05T14:33:49Z" finished-at="2016-02-05T14:33:49Z">
          <reporter-output>
          </reporter-output>
        </test-method> <!-- CloseBrowserWhileUploadingFileFromGoogleDrive -->
        <test-method status="SKIP" signature="GridCaps(java.lang.String, java.lang.String)[pri:0, instance:googledrive.GoogleDriveScenarios@35f983a6]" name="GridCaps" is-config="true" duration-ms="0" started-at="2016-02-05T14:33:49Z" finished-at="2016-02-05T14:33:49Z">
          <reporter-output>
          </reporter-output>
        </test-method> <!-- GridCaps -->
        <test-method status="SKIP" signature="GoogleDriveUploadImageWhenInternetIsOff()[pri:0, instance:googledrive.GoogleDriveScenarios@35f983a6]" name="GoogleDriveUploadImageWhenInternetIsOff" duration-ms="0" started-at="2016-02-05T14:33:49Z" finished-at="2016-02-05T14:33:49Z">
          <reporter-output>
          </reporter-output>
        </test-method> <!-- GoogleDriveUploadImageWhenInternetIsOff -->
        <test-method status="SKIP" signature="teardownafterrun()[pri:0, instance:googledrive.GoogleDriveScenarios@35f983a6]" name="teardownafterrun" is-config="true" duration-ms="0" started-at="2016-02-05T14:33:49Z" finished-at="2016-02-05T14:33:49Z">
          <reporter-output>
          </reporter-output>
        </test-method> <!-- teardownafterrun -->
      </class> <!-- googledrive.GoogleDriveScenarios -->
    </test> <!-- GRID TEST WITH BROWSER FF ON LINUX -->
  </suite> <!-- GRID SAMPLE TEST -->
</testng-results>
